#
# There is insufficient memory for the Java Runtime Environment to continue.
# Native memory allocation (malloc) failed to allocate 1085696 bytes for Chunk::new
# Possible reasons:
#   The system is out of physical RAM or swap space
#   The process is running with CompressedOops enabled, and the Java Heap may be blocking the growth of the native heap
# Possible solutions:
#   Reduce memory load on the system
#   Increase physical memory or swap space
#   Check if swap backing store is full
#   Decrease Java heap size (-Xmx/-Xms)
#   Decrease number of Java threads
#   Decrease Java thread stack sizes (-Xss)
#   Set larger code cache with -XX:ReservedCodeCacheSize=
#   JVM is running with Unscaled Compressed Oops mode in which the Java heap is
#     placed in the first 4GB address space. The Java Heap base address is the
#     maximum limit for the native heap growth. Please use -XX:HeapBaseMinAddress
#     to set the Java Heap base and to place the Java Heap above 4GB virtual address.
# This output file may be truncated or incomplete.
#
#  Out of Memory Error (arena.cpp:184), pid=23048, tid=7668
#
# JRE version: OpenJDK Runtime Environment Temurin-20.0.2+9 (20.0.2+9) (build 20.0.2+9)
# Java VM: OpenJDK 64-Bit Server VM Temurin-20.0.2+9 (20.0.2+9, mixed mode, sharing, tiered, compressed oops, compressed class ptrs, g1 gc, windows-amd64)
# No core dump will be written. Minidumps are not enabled by default on client versions of Windows
#

---------------  S U M M A R Y ------------

Command Line: --add-opens=java.base/java.util=ALL-UNNAMED --add-opens=java.base/java.lang=ALL-UNNAMED --add-opens=java.base/java.lang.invoke=ALL-UNNAMED --add-opens=java.prefs/java.util.prefs=ALL-UNNAMED --add-opens=java.base/java.nio.charset=ALL-UNNAMED --add-opens=java.base/java.net=ALL-UNNAMED --add-opens=java.base/java.util.concurrent.atomic=ALL-UNNAMED -XX:MaxMetaspaceSize=384m -XX:+HeapDumpOnOutOfMemoryError -Xms256m -Xmx512m -Dfile.encoding=windows-1251 -Duser.country=RU -Duser.language=ru -Duser.variant -javaagent:C:\Users\dswet\.gradle\wrapper\dists\gradle-8.4-bin\1w5dpkrfk8irigvoxmyhowfim\gradle-8.4\lib\agents\gradle-instrumentation-agent-8.4.jar org.gradle.launcher.daemon.bootstrap.GradleDaemon 8.4

Host: Intel(R) Core(TM) i3-10110U CPU @ 2.10GHz, 4 cores, 7G,  Windows 10 , 64 bit Build 19041 (10.0.19041.3636)
Time: Fri Jun  7 18:56:33 2024  Windows 10 , 64 bit Build 19041 (10.0.19041.3636) elapsed time: 2.918553 seconds (0d 0h 0m 2s)

---------------  T H R E A D  ---------------

Current thread (0x00000218fe598090):  JavaThread "C2 CompilerThread1" daemon [_thread_in_native, id=7668, stack(0x000000a2f5400000,0x000000a2f5500000)]


Current CompileTask:
C2:   2918 2655   !   4       java.net.URLClassLoader::findClass (47 bytes)

Stack: [0x000000a2f5400000,0x000000a2f5500000]
Native frames: (J=compiled Java code, j=interpreted, Vv=VM code, C=native code)
V  [jvm.dll+0x6c4a1a]
V  [jvm.dll+0x8a341c]
V  [jvm.dll+0x8a5025]
V  [jvm.dll+0x8a5723]
V  [jvm.dll+0x284aff]
V  [jvm.dll+0xc4ac1]
V  [jvm.dll+0xc4dd5]
V  [jvm.dll+0x2fbe7f]
V  [jvm.dll+0x5ea5ce]
V  [jvm.dll+0x257cc4]
V  [jvm.dll+0x25808f]
V  [jvm.dll+0x25091b]
V  [jvm.dll+0x24dd8b]
V  [jvm.dll+0x1d0c31]
V  [jvm.dll+0x25d7bb]
V  [jvm.dll+0x25bea0]
V  [jvm.dll+0x3f9135]
V  [jvm.dll+0x84f596]
V  [jvm.dll+0x6c367b]
C  [ucrtbase.dll+0x21bb2]
C  [KERNEL32.DLL+0x17344]
C  [ntdll.dll+0x526b1]


---------------  P R O C E S S  ---------------

Threads class SMR info:
_java_thread_list=0x0000021898af6990, length=25, elements={
0x00000218e15b2490, 0x00000218fd8457b0, 0x00000218fd8484a0, 0x00000218fd8494e0,
0x00000218fd84a1c0, 0x00000218fd84cb10, 0x00000218fd84d5f0, 0x00000218fd858280,
0x00000218fd864db0, 0x00000218fd80add0, 0x00000218fdb3c220, 0x00000218fe598090,
0x00000218ff254f70, 0x00000218ff213d50, 0x00000218ff22d090, 0x00000218ff429c80,
0x00000218ff526070, 0x00000218ff5255d0, 0x00000218ff527060, 0x00000218ff5265c0,
0x00000218ff5275b0, 0x00000218ff527b00, 0x00000218ff525080, 0x00000218ff526b10,
0x00000218ff528050
}

Java Threads: ( => current thread )
  0x00000218e15b2490 JavaThread "main" [_thread_blocked, id=24564, stack(0x000000a2f3f00000,0x000000a2f4000000)]
  0x00000218fd8457b0 JavaThread "Reference Handler" daemon [_thread_blocked, id=12428, stack(0x000000a2f4600000,0x000000a2f4700000)]
  0x00000218fd8484a0 JavaThread "Finalizer" daemon [_thread_blocked, id=2564, stack(0x000000a2f4700000,0x000000a2f4800000)]
  0x00000218fd8494e0 JavaThread "Signal Dispatcher" daemon [_thread_blocked, id=11396, stack(0x000000a2f4800000,0x000000a2f4900000)]
  0x00000218fd84a1c0 JavaThread "Attach Listener" daemon [_thread_blocked, id=9360, stack(0x000000a2f4900000,0x000000a2f4a00000)]
  0x00000218fd84cb10 JavaThread "Service Thread" daemon [_thread_blocked, id=23644, stack(0x000000a2f4a00000,0x000000a2f4b00000)]
  0x00000218fd84d5f0 JavaThread "Monitor Deflation Thread" daemon [_thread_blocked, id=5256, stack(0x000000a2f4b00000,0x000000a2f4c00000)]
  0x00000218fd858280 JavaThread "C2 CompilerThread0" daemon [_thread_in_native, id=24072, stack(0x000000a2f4c00000,0x000000a2f4d00000)]
  0x00000218fd864db0 JavaThread "C1 CompilerThread0" daemon [_thread_blocked, id=22708, stack(0x000000a2f4d00000,0x000000a2f4e00000)]
  0x00000218fd80add0 JavaThread "Common-Cleaner" daemon [_thread_blocked, id=5112, stack(0x000000a2f4e00000,0x000000a2f4f00000)]
  0x00000218fdb3c220 JavaThread "Notification Thread" daemon [_thread_blocked, id=2032, stack(0x000000a2f4f00000,0x000000a2f5000000)]
=>0x00000218fe598090 JavaThread "C2 CompilerThread1" daemon [_thread_in_native, id=7668, stack(0x000000a2f5400000,0x000000a2f5500000)]
  0x00000218ff254f70 JavaThread "Daemon health stats" [_thread_blocked, id=15540, stack(0x000000a2f5500000,0x000000a2f5600000)]
  0x00000218ff213d50 JavaThread "Incoming local TCP Connector on port 51664" [_thread_in_native, id=22636, stack(0x000000a2f5600000,0x000000a2f5700000)]
  0x00000218ff22d090 JavaThread "Daemon periodic checks" [_thread_blocked, id=20892, stack(0x000000a2f5700000,0x000000a2f5800000)]
  0x00000218ff429c80 JavaThread "Daemon" [_thread_blocked, id=5484, stack(0x000000a2f5800000,0x000000a2f5900000)]
  0x00000218ff526070 JavaThread "Handler for socket connection from /127.0.0.1:51664 to /127.0.0.1:51665" [_thread_in_native, id=21684, stack(0x000000a2f5900000,0x000000a2f5a00000)]
  0x00000218ff5255d0 JavaThread "Cancel handler" [_thread_blocked, id=18244, stack(0x000000a2f5a00000,0x000000a2f5b00000)]
  0x00000218ff527060 JavaThread "Daemon worker" [_thread_in_Java, id=10152, stack(0x000000a2f5b00000,0x000000a2f5c00000)]
  0x00000218ff5265c0 JavaThread "Asynchronous log dispatcher for DefaultDaemonConnection: socket connection from /127.0.0.1:51664 to /127.0.0.1:51665" [_thread_blocked, id=10052, stack(0x000000a2f5c00000,0x000000a2f5d00000)]
  0x00000218ff5275b0 JavaThread "Stdin handler" [_thread_blocked, id=17556, stack(0x000000a2f5d00000,0x000000a2f5e00000)]
  0x00000218ff527b00 JavaThread "Daemon client event forwarder" [_thread_blocked, id=23012, stack(0x000000a2f5e00000,0x000000a2f5f00000)]
  0x00000218ff525080 JavaThread "Cache worker for journal cache (C:\Users\dswet\.gradle\caches\journal-1)" [_thread_blocked, id=8284, stack(0x000000a2f5f00000,0x000000a2f6000000)]
  0x00000218ff526b10 JavaThread "File lock request listener" [_thread_in_native, id=18624, stack(0x000000a2f6000000,0x000000a2f6100000)]
  0x00000218ff528050 JavaThread "Cache worker for file hash cache (C:\Users\dswet\.gradle\caches\8.4\fileHashes)" [_thread_blocked, id=6232, stack(0x000000a2f6100000,0x000000a2f6200000)]

Other Threads:
  0x00000218fd81cf20 VMThread "VM Thread" [stack: 0x000000a2f4500000,0x000000a2f4600000] [id=13256]
  0x00000218e15b3190 WatcherThread "VM Periodic Task Thread" [stack: 0x000000a2f5000000,0x000000a2f5100000] [id=16684]
  0x00000218e15e3340 WorkerThread "GC Thread#0" [stack: 0x000000a2f4000000,0x000000a2f4100000] [id=17812]
  0x00000218fded9c40 WorkerThread "GC Thread#1" [stack: 0x000000a2f5100000,0x000000a2f5200000] [id=20860]
  0x00000218fded9f10 WorkerThread "GC Thread#2" [stack: 0x000000a2f5200000,0x000000a2f5300000] [id=4128]
  0x00000218fddb3cc0 WorkerThread "GC Thread#3" [stack: 0x000000a2f5300000,0x000000a2f5400000] [id=21672]
  0x00000218e15e9310 ConcurrentGCThread "G1 Main Marker" [stack: 0x000000a2f4100000,0x000000a2f4200000] [id=20348]
  0x00000218e15e9df0 WorkerThread "G1 Conc#0" [stack: 0x000000a2f4200000,0x000000a2f4300000] [id=9096]
  0x00000218e167d0b0 ConcurrentGCThread "G1 Refine#0" [stack: 0x000000a2f4300000,0x000000a2f4400000] [id=12492]
  0x00000218e167da60 ConcurrentGCThread "G1 Service" [stack: 0x000000a2f4400000,0x000000a2f4500000] [id=3360]

Threads with active compile tasks:
C2 CompilerThread0     2946 2534   !   4       java.lang.ClassLoader::loadClass (121 bytes)
C2 CompilerThread1     2946 2655   !   4       java.net.URLClassLoader::findClass (47 bytes)

VM state: not at safepoint (normal execution)

VM Mutex/Monitor currently owned by a thread:  ([mutex/lock_event])
[0x00000218e15ad3d0] CodeCache_lock - owner thread: 0x0000000000000000

Heap address: 0x00000000e0000000, size: 512 MB, Compressed Oops mode: 32-bit

CDS archive(s) mapped at: [0x0000021880000000-0x0000021880c60000-0x0000021880c60000), size 12976128, SharedBaseAddress: 0x0000021880000000, ArchiveRelocationMode: 1.
Compressed class space mapped at: 0x0000021881000000-0x0000021894400000, reserved size: 322961408
Narrow klass base: 0x0000021880000000, Narrow klass shift: 0, Narrow klass range: 0x100000000

GC Precious Log:
 CardTable entry size: 512
 Card Set container configuration: InlinePtr #cards 5 size 8 Array Of Cards #cards 12 size 40 Howl #buckets 4 coarsen threshold 1843 Howl Bitmap #cards 512 size 80 coarsen threshold 460 Card regions per heap region 1 cards per card region 2048
 CPUs: 4 total, 4 available
 Memory: 8025M
 Large Page Support: Disabled
 NUMA Support: Disabled
 Compressed Oops: Enabled (32-bit)
 Heap Region Size: 1M
 Heap Min Capacity: 256M
 Heap Initial Capacity: 256M
 Heap Max Capacity: 512M
 Pre-touch: Disabled
 Parallel Workers: 4
 Concurrent Workers: 1
 Concurrent Refinement Workers: 4
 Periodic GC: Disabled

Heap:
 garbage-first heap   total 262144K, used 91020K [0x00000000e0000000, 0x0000000100000000)
  region size 1024K, 81 young (82944K), 2 survivors (2048K)
 Metaspace       used 17944K, committed 18496K, reserved 380928K
  class space    used 2546K, committed 2816K, reserved 315392K

Heap Regions: E=young(eden), S=young(survivor), O=old, HS=humongous(starts), HC=humongous(continues), CS=collection set, F=free, OA=open archive, CA=closed archive, TAMS=top-at-mark-start, PB=parsable bottom
|   0|0x00000000e0000000, 0x00000000e0100000, 0x00000000e0100000|100%| O|  |TAMS 0x00000000e0000000| PB 0x00000000e0000000| Untracked 
|   1|0x00000000e0100000, 0x00000000e0200000, 0x00000000e0200000|100%| O|  |TAMS 0x00000000e0100000| PB 0x00000000e0100000| Untracked 
|   2|0x00000000e0200000, 0x00000000e0300000, 0x00000000e0300000|100%|HS|  |TAMS 0x00000000e0200000| PB 0x00000000e0200000| Complete 
|   3|0x00000000e0300000, 0x00000000e0400000, 0x00000000e0400000|100%|HC|  |TAMS 0x00000000e0300000| PB 0x00000000e0300000| Complete 
|   4|0x00000000e0400000, 0x00000000e0500000, 0x00000000e0500000|100%|HC|  |TAMS 0x00000000e0400000| PB 0x00000000e0400000| Complete 
|   5|0x00000000e0500000, 0x00000000e0600000, 0x00000000e0600000|100%|HC|  |TAMS 0x00000000e0500000| PB 0x00000000e0500000| Complete 
|   6|0x00000000e0600000, 0x00000000e0700000, 0x00000000e0700000|100%| O|  |TAMS 0x00000000e0600000| PB 0x00000000e0600000| Untracked 
|   7|0x00000000e0700000, 0x00000000e0800000, 0x00000000e0800000|100%| O|  |TAMS 0x00000000e0700000| PB 0x00000000e0700000| Untracked 
|   8|0x00000000e0800000, 0x00000000e0800000, 0x00000000e0900000|  0%| F|  |TAMS 0x00000000e0800000| PB 0x00000000e0800000| Untracked 
|   9|0x00000000e0900000, 0x00000000e0a00000, 0x00000000e0a00000|100%| O|  |TAMS 0x00000000e0900000| PB 0x00000000e0900000| Untracked 
|  10|0x00000000e0a00000, 0x00000000e0b00000, 0x00000000e0b00000|100%| O|  |TAMS 0x00000000e0a00000| PB 0x00000000e0a00000| Untracked 
|  11|0x00000000e0b00000, 0x00000000e0bc7200, 0x00000000e0c00000| 77%| O|  |TAMS 0x00000000e0b00000| PB 0x00000000e0b00000| Untracked 
|  12|0x00000000e0c00000, 0x00000000e0c00000, 0x00000000e0d00000|  0%| F|  |TAMS 0x00000000e0c00000| PB 0x00000000e0c00000| Untracked 
|  13|0x00000000e0d00000, 0x00000000e0d00000, 0x00000000e0e00000|  0%| F|  |TAMS 0x00000000e0d00000| PB 0x00000000e0d00000| Untracked 
|  14|0x00000000e0e00000, 0x00000000e0e00000, 0x00000000e0f00000|  0%| F|  |TAMS 0x00000000e0e00000| PB 0x00000000e0e00000| Untracked 
|  15|0x00000000e0f00000, 0x00000000e0f00000, 0x00000000e1000000|  0%| F|  |TAMS 0x00000000e0f00000| PB 0x00000000e0f00000| Untracked 
|  16|0x00000000e1000000, 0x00000000e1000000, 0x00000000e1100000|  0%| F|  |TAMS 0x00000000e1000000| PB 0x00000000e1000000| Untracked 
|  17|0x00000000e1100000, 0x00000000e1100000, 0x00000000e1200000|  0%| F|  |TAMS 0x00000000e1100000| PB 0x00000000e1100000| Untracked 
|  18|0x00000000e1200000, 0x00000000e1200000, 0x00000000e1300000|  0%| F|  |TAMS 0x00000000e1200000| PB 0x00000000e1200000| Untracked 
|  19|0x00000000e1300000, 0x00000000e1300000, 0x00000000e1400000|  0%| F|  |TAMS 0x00000000e1300000| PB 0x00000000e1300000| Untracked 
|  20|0x00000000e1400000, 0x00000000e1400000, 0x00000000e1500000|  0%| F|  |TAMS 0x00000000e1400000| PB 0x00000000e1400000| Untracked 
|  21|0x00000000e1500000, 0x00000000e1500000, 0x00000000e1600000|  0%| F|  |TAMS 0x00000000e1500000| PB 0x00000000e1500000| Untracked 
|  22|0x00000000e1600000, 0x00000000e1600000, 0x00000000e1700000|  0%| F|  |TAMS 0x00000000e1600000| PB 0x00000000e1600000| Untracked 
|  23|0x00000000e1700000, 0x00000000e1700000, 0x00000000e1800000|  0%| F|  |TAMS 0x00000000e1700000| PB 0x00000000e1700000| Untracked 
|  24|0x00000000e1800000, 0x00000000e1800000, 0x00000000e1900000|  0%| F|  |TAMS 0x00000000e1800000| PB 0x00000000e1800000| Untracked 
|  25|0x00000000e1900000, 0x00000000e1900000, 0x00000000e1a00000|  0%| F|  |TAMS 0x00000000e1900000| PB 0x00000000e1900000| Untracked 
|  26|0x00000000e1a00000, 0x00000000e1a00000, 0x00000000e1b00000|  0%| F|  |TAMS 0x00000000e1a00000| PB 0x00000000e1a00000| Untracked 
|  27|0x00000000e1b00000, 0x00000000e1b00000, 0x00000000e1c00000|  0%| F|  |TAMS 0x00000000e1b00000| PB 0x00000000e1b00000| Untracked 
|  28|0x00000000e1c00000, 0x00000000e1c00000, 0x00000000e1d00000|  0%| F|  |TAMS 0x00000000e1c00000| PB 0x00000000e1c00000| Untracked 
|  29|0x00000000e1d00000, 0x00000000e1d00000, 0x00000000e1e00000|  0%| F|  |TAMS 0x00000000e1d00000| PB 0x00000000e1d00000| Untracked 
|  30|0x00000000e1e00000, 0x00000000e1e00000, 0x00000000e1f00000|  0%| F|  |TAMS 0x00000000e1e00000| PB 0x00000000e1e00000| Untracked 
|  31|0x00000000e1f00000, 0x00000000e1f00000, 0x00000000e2000000|  0%| F|  |TAMS 0x00000000e1f00000| PB 0x00000000e1f00000| Untracked 
|  32|0x00000000e2000000, 0x00000000e2000000, 0x00000000e2100000|  0%| F|  |TAMS 0x00000000e2000000| PB 0x00000000e2000000| Untracked 
|  33|0x00000000e2100000, 0x00000000e2100000, 0x00000000e2200000|  0%| F|  |TAMS 0x00000000e2100000| PB 0x00000000e2100000| Untracked 
|  34|0x00000000e2200000, 0x00000000e2200000, 0x00000000e2300000|  0%| F|  |TAMS 0x00000000e2200000| PB 0x00000000e2200000| Untracked 
|  35|0x00000000e2300000, 0x00000000e2300000, 0x00000000e2400000|  0%| F|  |TAMS 0x00000000e2300000| PB 0x00000000e2300000| Untracked 
|  36|0x00000000e2400000, 0x00000000e2400000, 0x00000000e2500000|  0%| F|  |TAMS 0x00000000e2400000| PB 0x00000000e2400000| Untracked 
|  37|0x00000000e2500000, 0x00000000e2500000, 0x00000000e2600000|  0%| F|  |TAMS 0x00000000e2500000| PB 0x00000000e2500000| Untracked 
|  38|0x00000000e2600000, 0x00000000e2600000, 0x00000000e2700000|  0%| F|  |TAMS 0x00000000e2600000| PB 0x00000000e2600000| Untracked 
|  39|0x00000000e2700000, 0x00000000e2700000, 0x00000000e2800000|  0%| F|  |TAMS 0x00000000e2700000| PB 0x00000000e2700000| Untracked 
|  40|0x00000000e2800000, 0x00000000e2800000, 0x00000000e2900000|  0%| F|  |TAMS 0x00000000e2800000| PB 0x00000000e2800000| Untracked 
|  41|0x00000000e2900000, 0x00000000e2900000, 0x00000000e2a00000|  0%| F|  |TAMS 0x00000000e2900000| PB 0x00000000e2900000| Untracked 
|  42|0x00000000e2a00000, 0x00000000e2a00000, 0x00000000e2b00000|  0%| F|  |TAMS 0x00000000e2a00000| PB 0x00000000e2a00000| Untracked 
|  43|0x00000000e2b00000, 0x00000000e2b00000, 0x00000000e2c00000|  0%| F|  |TAMS 0x00000000e2b00000| PB 0x00000000e2b00000| Untracked 
|  44|0x00000000e2c00000, 0x00000000e2c00000, 0x00000000e2d00000|  0%| F|  |TAMS 0x00000000e2c00000| PB 0x00000000e2c00000| Untracked 
|  45|0x00000000e2d00000, 0x00000000e2d00000, 0x00000000e2e00000|  0%| F|  |TAMS 0x00000000e2d00000| PB 0x00000000e2d00000| Untracked 
|  46|0x00000000e2e00000, 0x00000000e2e00000, 0x00000000e2f00000|  0%| F|  |TAMS 0x00000000e2e00000| PB 0x00000000e2e00000| Untracked 
|  47|0x00000000e2f00000, 0x00000000e2f00000, 0x00000000e3000000|  0%| F|  |TAMS 0x00000000e2f00000| PB 0x00000000e2f00000| Untracked 
|  48|0x00000000e3000000, 0x00000000e3000000, 0x00000000e3100000|  0%| F|  |TAMS 0x00000000e3000000| PB 0x00000000e3000000| Untracked 
|  49|0x00000000e3100000, 0x00000000e3100000, 0x00000000e3200000|  0%| F|  |TAMS 0x00000000e3100000| PB 0x00000000e3100000| Untracked 
|  50|0x00000000e3200000, 0x00000000e3200000, 0x00000000e3300000|  0%| F|  |TAMS 0x00000000e3200000| PB 0x00000000e3200000| Untracked 
|  51|0x00000000e3300000, 0x00000000e3300000, 0x00000000e3400000|  0%| F|  |TAMS 0x00000000e3300000| PB 0x00000000e3300000| Untracked 
|  52|0x00000000e3400000, 0x00000000e3400000, 0x00000000e3500000|  0%| F|  |TAMS 0x00000000e3400000| PB 0x00000000e3400000| Untracked 
|  53|0x00000000e3500000, 0x00000000e3500000, 0x00000000e3600000|  0%| F|  |TAMS 0x00000000e3500000| PB 0x00000000e3500000| Untracked 
|  54|0x00000000e3600000, 0x00000000e3600000, 0x00000000e3700000|  0%| F|  |TAMS 0x00000000e3600000| PB 0x00000000e3600000| Untracked 
|  55|0x00000000e3700000, 0x00000000e3700000, 0x00000000e3800000|  0%| F|  |TAMS 0x00000000e3700000| PB 0x00000000e3700000| Untracked 
|  56|0x00000000e3800000, 0x00000000e3800000, 0x00000000e3900000|  0%| F|  |TAMS 0x00000000e3800000| PB 0x00000000e3800000| Untracked 
|  57|0x00000000e3900000, 0x00000000e3900000, 0x00000000e3a00000|  0%| F|  |TAMS 0x00000000e3900000| PB 0x00000000e3900000| Untracked 
|  58|0x00000000e3a00000, 0x00000000e3a00000, 0x00000000e3b00000|  0%| F|  |TAMS 0x00000000e3a00000| PB 0x00000000e3a00000| Untracked 
|  59|0x00000000e3b00000, 0x00000000e3b00000, 0x00000000e3c00000|  0%| F|  |TAMS 0x00000000e3b00000| PB 0x00000000e3b00000| Untracked 
|  60|0x00000000e3c00000, 0x00000000e3c00000, 0x00000000e3d00000|  0%| F|  |TAMS 0x00000000e3c00000| PB 0x00000000e3c00000| Untracked 
|  61|0x00000000e3d00000, 0x00000000e3d00000, 0x00000000e3e00000|  0%| F|  |TAMS 0x00000000e3d00000| PB 0x00000000e3d00000| Untracked 
|  62|0x00000000e3e00000, 0x00000000e3e00000, 0x00000000e3f00000|  0%| F|  |TAMS 0x00000000e3e00000| PB 0x00000000e3e00000| Untracked 
|  63|0x00000000e3f00000, 0x00000000e3f00000, 0x00000000e4000000|  0%| F|  |TAMS 0x00000000e3f00000| PB 0x00000000e3f00000| Untracked 
|  64|0x00000000e4000000, 0x00000000e4000000, 0x00000000e4100000|  0%| F|  |TAMS 0x00000000e4000000| PB 0x00000000e4000000| Untracked 
|  65|0x00000000e4100000, 0x00000000e4100000, 0x00000000e4200000|  0%| F|  |TAMS 0x00000000e4100000| PB 0x00000000e4100000| Untracked 
|  66|0x00000000e4200000, 0x00000000e4200000, 0x00000000e4300000|  0%| F|  |TAMS 0x00000000e4200000| PB 0x00000000e4200000| Untracked 
|  67|0x00000000e4300000, 0x00000000e4300000, 0x00000000e4400000|  0%| F|  |TAMS 0x00000000e4300000| PB 0x00000000e4300000| Untracked 
|  68|0x00000000e4400000, 0x00000000e4400000, 0x00000000e4500000|  0%| F|  |TAMS 0x00000000e4400000| PB 0x00000000e4400000| Untracked 
|  69|0x00000000e4500000, 0x00000000e4500000, 0x00000000e4600000|  0%| F|  |TAMS 0x00000000e4500000| PB 0x00000000e4500000| Untracked 
|  70|0x00000000e4600000, 0x00000000e4600000, 0x00000000e4700000|  0%| F|  |TAMS 0x00000000e4600000| PB 0x00000000e4600000| Untracked 
|  71|0x00000000e4700000, 0x00000000e4700000, 0x00000000e4800000|  0%| F|  |TAMS 0x00000000e4700000| PB 0x00000000e4700000| Untracked 
|  72|0x00000000e4800000, 0x00000000e4800000, 0x00000000e4900000|  0%| F|  |TAMS 0x00000000e4800000| PB 0x00000000e4800000| Untracked 
|  73|0x00000000e4900000, 0x00000000e4900000, 0x00000000e4a00000|  0%| F|  |TAMS 0x00000000e4900000| PB 0x00000000e4900000| Untracked 
|  74|0x00000000e4a00000, 0x00000000e4a00000, 0x00000000e4b00000|  0%| F|  |TAMS 0x00000000e4a00000| PB 0x00000000e4a00000| Untracked 
|  75|0x00000000e4b00000, 0x00000000e4b00000, 0x00000000e4c00000|  0%| F|  |TAMS 0x00000000e4b00000| PB 0x00000000e4b00000| Untracked 
|  76|0x00000000e4c00000, 0x00000000e4c00000, 0x00000000e4d00000|  0%| F|  |TAMS 0x00000000e4c00000| PB 0x00000000e4c00000| Untracked 
|  77|0x00000000e4d00000, 0x00000000e4d00000, 0x00000000e4e00000|  0%| F|  |TAMS 0x00000000e4d00000| PB 0x00000000e4d00000| Untracked 
|  78|0x00000000e4e00000, 0x00000000e4e00000, 0x00000000e4f00000|  0%| F|  |TAMS 0x00000000e4e00000| PB 0x00000000e4e00000| Untracked 
|  79|0x00000000e4f00000, 0x00000000e4f00000, 0x00000000e5000000|  0%| F|  |TAMS 0x00000000e4f00000| PB 0x00000000e4f00000| Untracked 
|  80|0x00000000e5000000, 0x00000000e5000000, 0x00000000e5100000|  0%| F|  |TAMS 0x00000000e5000000| PB 0x00000000e5000000| Untracked 
|  81|0x00000000e5100000, 0x00000000e5100000, 0x00000000e5200000|  0%| F|  |TAMS 0x00000000e5100000| PB 0x00000000e5100000| Untracked 
|  82|0x00000000e5200000, 0x00000000e5200000, 0x00000000e5300000|  0%| F|  |TAMS 0x00000000e5200000| PB 0x00000000e5200000| Untracked 
|  83|0x00000000e5300000, 0x00000000e5300000, 0x00000000e5400000|  0%| F|  |TAMS 0x00000000e5300000| PB 0x00000000e5300000| Untracked 
|  84|0x00000000e5400000, 0x00000000e5400000, 0x00000000e5500000|  0%| F|  |TAMS 0x00000000e5400000| PB 0x00000000e5400000| Untracked 
|  85|0x00000000e5500000, 0x00000000e5500000, 0x00000000e5600000|  0%| F|  |TAMS 0x00000000e5500000| PB 0x00000000e5500000| Untracked 
|  86|0x00000000e5600000, 0x00000000e5600000, 0x00000000e5700000|  0%| F|  |TAMS 0x00000000e5600000| PB 0x00000000e5600000| Untracked 
|  87|0x00000000e5700000, 0x00000000e5700000, 0x00000000e5800000|  0%| F|  |TAMS 0x00000000e5700000| PB 0x00000000e5700000| Untracked 
|  88|0x00000000e5800000, 0x00000000e5800000, 0x00000000e5900000|  0%| F|  |TAMS 0x00000000e5800000| PB 0x00000000e5800000| Untracked 
|  89|0x00000000e5900000, 0x00000000e5900000, 0x00000000e5a00000|  0%| F|  |TAMS 0x00000000e5900000| PB 0x00000000e5900000| Untracked 
|  90|0x00000000e5a00000, 0x00000000e5a00000, 0x00000000e5b00000|  0%| F|  |TAMS 0x00000000e5a00000| PB 0x00000000e5a00000| Untracked 
|  91|0x00000000e5b00000, 0x00000000e5b00000, 0x00000000e5c00000|  0%| F|  |TAMS 0x00000000e5b00000| PB 0x00000000e5b00000| Untracked 
|  92|0x00000000e5c00000, 0x00000000e5c00000, 0x00000000e5d00000|  0%| F|  |TAMS 0x00000000e5c00000| PB 0x00000000e5c00000| Untracked 
|  93|0x00000000e5d00000, 0x00000000e5d00000, 0x00000000e5e00000|  0%| F|  |TAMS 0x00000000e5d00000| PB 0x00000000e5d00000| Untracked 
|  94|0x00000000e5e00000, 0x00000000e5e00000, 0x00000000e5f00000|  0%| F|  |TAMS 0x00000000e5e00000| PB 0x00000000e5e00000| Untracked 
|  95|0x00000000e5f00000, 0x00000000e5f00000, 0x00000000e6000000|  0%| F|  |TAMS 0x00000000e5f00000| PB 0x00000000e5f00000| Untracked 
|  96|0x00000000e6000000, 0x00000000e6000000, 0x00000000e6100000|  0%| F|  |TAMS 0x00000000e6000000| PB 0x00000000e6000000| Untracked 
|  97|0x00000000e6100000, 0x00000000e6100000, 0x00000000e6200000|  0%| F|  |TAMS 0x00000000e6100000| PB 0x00000000e6100000| Untracked 
|  98|0x00000000e6200000, 0x00000000e6200000, 0x00000000e6300000|  0%| F|  |TAMS 0x00000000e6200000| PB 0x00000000e6200000| Untracked 
|  99|0x00000000e6300000, 0x00000000e6300000, 0x00000000e6400000|  0%| F|  |TAMS 0x00000000e6300000| PB 0x00000000e6300000| Untracked 
| 100|0x00000000e6400000, 0x00000000e6400000, 0x00000000e6500000|  0%| F|  |TAMS 0x00000000e6400000| PB 0x00000000e6400000| Untracked 
| 101|0x00000000e6500000, 0x00000000e6500000, 0x00000000e6600000|  0%| F|  |TAMS 0x00000000e6500000| PB 0x00000000e6500000| Untracked 
| 102|0x00000000e6600000, 0x00000000e6600000, 0x00000000e6700000|  0%| F|  |TAMS 0x00000000e6600000| PB 0x00000000e6600000| Untracked 
| 103|0x00000000e6700000, 0x00000000e6700000, 0x00000000e6800000|  0%| F|  |TAMS 0x00000000e6700000| PB 0x00000000e6700000| Untracked 
| 104|0x00000000e6800000, 0x00000000e6800000, 0x00000000e6900000|  0%| F|  |TAMS 0x00000000e6800000| PB 0x00000000e6800000| Untracked 
| 105|0x00000000e6900000, 0x00000000e6900000, 0x00000000e6a00000|  0%| F|  |TAMS 0x00000000e6900000| PB 0x00000000e6900000| Untracked 
| 106|0x00000000e6a00000, 0x00000000e6a00000, 0x00000000e6b00000|  0%| F|  |TAMS 0x00000000e6a00000| PB 0x00000000e6a00000| Untracked 
| 107|0x00000000e6b00000, 0x00000000e6b00000, 0x00000000e6c00000|  0%| F|  |TAMS 0x00000000e6b00000| PB 0x00000000e6b00000| Untracked 
| 108|0x00000000e6c00000, 0x00000000e6c00000, 0x00000000e6d00000|  0%| F|  |TAMS 0x00000000e6c00000| PB 0x00000000e6c00000| Untracked 
| 109|0x00000000e6d00000, 0x00000000e6d00000, 0x00000000e6e00000|  0%| F|  |TAMS 0x00000000e6d00000| PB 0x00000000e6d00000| Untracked 
| 110|0x00000000e6e00000, 0x00000000e6e00000, 0x00000000e6f00000|  0%| F|  |TAMS 0x00000000e6e00000| PB 0x00000000e6e00000| Untracked 
| 111|0x00000000e6f00000, 0x00000000e6f00000, 0x00000000e7000000|  0%| F|  |TAMS 0x00000000e6f00000| PB 0x00000000e6f00000| Untracked 
| 112|0x00000000e7000000, 0x00000000e7000000, 0x00000000e7100000|  0%| F|  |TAMS 0x00000000e7000000| PB 0x00000000e7000000| Untracked 
| 113|0x00000000e7100000, 0x00000000e7100000, 0x00000000e7200000|  0%| F|  |TAMS 0x00000000e7100000| PB 0x00000000e7100000| Untracked 
| 114|0x00000000e7200000, 0x00000000e7200000, 0x00000000e7300000|  0%| F|  |TAMS 0x00000000e7200000| PB 0x00000000e7200000| Untracked 
| 115|0x00000000e7300000, 0x00000000e7300000, 0x00000000e7400000|  0%| F|  |TAMS 0x00000000e7300000| PB 0x00000000e7300000| Untracked 
| 116|0x00000000e7400000, 0x00000000e7400000, 0x00000000e7500000|  0%| F|  |TAMS 0x00000000e7400000| PB 0x00000000e7400000| Untracked 
| 117|0x00000000e7500000, 0x00000000e7500000, 0x00000000e7600000|  0%| F|  |TAMS 0x00000000e7500000| PB 0x00000000e7500000| Untracked 
| 118|0x00000000e7600000, 0x00000000e7600000, 0x00000000e7700000|  0%| F|  |TAMS 0x00000000e7600000| PB 0x00000000e7600000| Untracked 
| 119|0x00000000e7700000, 0x00000000e7700000, 0x00000000e7800000|  0%| F|  |TAMS 0x00000000e7700000| PB 0x00000000e7700000| Untracked 
| 120|0x00000000e7800000, 0x00000000e7800000, 0x00000000e7900000|  0%| F|  |TAMS 0x00000000e7800000| PB 0x00000000e7800000| Untracked 
| 121|0x00000000e7900000, 0x00000000e7900000, 0x00000000e7a00000|  0%| F|  |TAMS 0x00000000e7900000| PB 0x00000000e7900000| Untracked 
| 122|0x00000000e7a00000, 0x00000000e7a00000, 0x00000000e7b00000|  0%| F|  |TAMS 0x00000000e7a00000| PB 0x00000000e7a00000| Untracked 
| 123|0x00000000e7b00000, 0x00000000e7b00000, 0x00000000e7c00000|  0%| F|  |TAMS 0x00000000e7b00000| PB 0x00000000e7b00000| Untracked 
| 124|0x00000000e7c00000, 0x00000000e7c00000, 0x00000000e7d00000|  0%| F|  |TAMS 0x00000000e7c00000| PB 0x00000000e7c00000| Untracked 
| 125|0x00000000e7d00000, 0x00000000e7d00000, 0x00000000e7e00000|  0%| F|  |TAMS 0x00000000e7d00000| PB 0x00000000e7d00000| Untracked 
| 126|0x00000000e7e00000, 0x00000000e7e00000, 0x00000000e7f00000|  0%| F|  |TAMS 0x00000000e7e00000| PB 0x00000000e7e00000| Untracked 
| 127|0x00000000e7f00000, 0x00000000e7f00000, 0x00000000e8000000|  0%| F|  |TAMS 0x00000000e7f00000| PB 0x00000000e7f00000| Untracked 
| 128|0x00000000e8000000, 0x00000000e8000000, 0x00000000e8100000|  0%| F|  |TAMS 0x00000000e8000000| PB 0x00000000e8000000| Untracked 
| 129|0x00000000e8100000, 0x00000000e8100000, 0x00000000e8200000|  0%| F|  |TAMS 0x00000000e8100000| PB 0x00000000e8100000| Untracked 
| 130|0x00000000e8200000, 0x00000000e8200000, 0x00000000e8300000|  0%| F|  |TAMS 0x00000000e8200000| PB 0x00000000e8200000| Untracked 
| 131|0x00000000e8300000, 0x00000000e8300000, 0x00000000e8400000|  0%| F|  |TAMS 0x00000000e8300000| PB 0x00000000e8300000| Untracked 
| 132|0x00000000e8400000, 0x00000000e8400000, 0x00000000e8500000|  0%| F|  |TAMS 0x00000000e8400000| PB 0x00000000e8400000| Untracked 
| 133|0x00000000e8500000, 0x00000000e8500000, 0x00000000e8600000|  0%| F|  |TAMS 0x00000000e8500000| PB 0x00000000e8500000| Untracked 
| 134|0x00000000e8600000, 0x00000000e8600000, 0x00000000e8700000|  0%| F|  |TAMS 0x00000000e8600000| PB 0x00000000e8600000| Untracked 
| 135|0x00000000e8700000, 0x00000000e8700000, 0x00000000e8800000|  0%| F|  |TAMS 0x00000000e8700000| PB 0x00000000e8700000| Untracked 
| 136|0x00000000e8800000, 0x00000000e8800000, 0x00000000e8900000|  0%| F|  |TAMS 0x00000000e8800000| PB 0x00000000e8800000| Untracked 
| 137|0x00000000e8900000, 0x00000000e8900000, 0x00000000e8a00000|  0%| F|  |TAMS 0x00000000e8900000| PB 0x00000000e8900000| Untracked 
| 138|0x00000000e8a00000, 0x00000000e8a00000, 0x00000000e8b00000|  0%| F|  |TAMS 0x00000000e8a00000| PB 0x00000000e8a00000| Untracked 
| 139|0x00000000e8b00000, 0x00000000e8b00000, 0x00000000e8c00000|  0%| F|  |TAMS 0x00000000e8b00000| PB 0x00000000e8b00000| Untracked 
| 140|0x00000000e8c00000, 0x00000000e8c00000, 0x00000000e8d00000|  0%| F|  |TAMS 0x00000000e8c00000| PB 0x00000000e8c00000| Untracked 
| 141|0x00000000e8d00000, 0x00000000e8d00000, 0x00000000e8e00000|  0%| F|  |TAMS 0x00000000e8d00000| PB 0x00000000e8d00000| Untracked 
| 142|0x00000000e8e00000, 0x00000000e8e00000, 0x00000000e8f00000|  0%| F|  |TAMS 0x00000000e8e00000| PB 0x00000000e8e00000| Untracked 
| 143|0x00000000e8f00000, 0x00000000e8f00000, 0x00000000e9000000|  0%| F|  |TAMS 0x00000000e8f00000| PB 0x00000000e8f00000| Untracked 
| 144|0x00000000e9000000, 0x00000000e9000000, 0x00000000e9100000|  0%| F|  |TAMS 0x00000000e9000000| PB 0x00000000e9000000| Untracked 
| 145|0x00000000e9100000, 0x00000000e9100000, 0x00000000e9200000|  0%| F|  |TAMS 0x00000000e9100000| PB 0x00000000e9100000| Untracked 
| 146|0x00000000e9200000, 0x00000000e9200000, 0x00000000e9300000|  0%| F|  |TAMS 0x00000000e9200000| PB 0x00000000e9200000| Untracked 
| 147|0x00000000e9300000, 0x00000000e9300000, 0x00000000e9400000|  0%| F|  |TAMS 0x00000000e9300000| PB 0x00000000e9300000| Untracked 
| 148|0x00000000e9400000, 0x00000000e9400000, 0x00000000e9500000|  0%| F|  |TAMS 0x00000000e9400000| PB 0x00000000e9400000| Untracked 
| 149|0x00000000e9500000, 0x00000000e9500000, 0x00000000e9600000|  0%| F|  |TAMS 0x00000000e9500000| PB 0x00000000e9500000| Untracked 
| 150|0x00000000e9600000, 0x00000000e9600000, 0x00000000e9700000|  0%| F|  |TAMS 0x00000000e9600000| PB 0x00000000e9600000| Untracked 
| 151|0x00000000e9700000, 0x00000000e9700000, 0x00000000e9800000|  0%| F|  |TAMS 0x00000000e9700000| PB 0x00000000e9700000| Untracked 
| 152|0x00000000e9800000, 0x00000000e9800000, 0x00000000e9900000|  0%| F|  |TAMS 0x00000000e9800000| PB 0x00000000e9800000| Untracked 
| 153|0x00000000e9900000, 0x00000000e9900000, 0x00000000e9a00000|  0%| F|  |TAMS 0x00000000e9900000| PB 0x00000000e9900000| Untracked 
| 154|0x00000000e9a00000, 0x00000000e9a00000, 0x00000000e9b00000|  0%| F|  |TAMS 0x00000000e9a00000| PB 0x00000000e9a00000| Untracked 
| 155|0x00000000e9b00000, 0x00000000e9b00000, 0x00000000e9c00000|  0%| F|  |TAMS 0x00000000e9b00000| PB 0x00000000e9b00000| Untracked 
| 156|0x00000000e9c00000, 0x00000000e9c00000, 0x00000000e9d00000|  0%| F|  |TAMS 0x00000000e9c00000| PB 0x00000000e9c00000| Untracked 
| 157|0x00000000e9d00000, 0x00000000e9d00000, 0x00000000e9e00000|  0%| F|  |TAMS 0x00000000e9d00000| PB 0x00000000e9d00000| Untracked 
| 158|0x00000000e9e00000, 0x00000000e9e00000, 0x00000000e9f00000|  0%| F|  |TAMS 0x00000000e9e00000| PB 0x00000000e9e00000| Untracked 
| 159|0x00000000e9f00000, 0x00000000e9f00000, 0x00000000ea000000|  0%| F|  |TAMS 0x00000000e9f00000| PB 0x00000000e9f00000| Untracked 
| 160|0x00000000ea000000, 0x00000000ea000000, 0x00000000ea100000|  0%| F|  |TAMS 0x00000000ea000000| PB 0x00000000ea000000| Untracked 
| 161|0x00000000ea100000, 0x00000000ea100000, 0x00000000ea200000|  0%| F|  |TAMS 0x00000000ea100000| PB 0x00000000ea100000| Untracked 
| 162|0x00000000ea200000, 0x00000000ea200000, 0x00000000ea300000|  0%| F|  |TAMS 0x00000000ea200000| PB 0x00000000ea200000| Untracked 
| 163|0x00000000ea300000, 0x00000000ea300000, 0x00000000ea400000|  0%| F|  |TAMS 0x00000000ea300000| PB 0x00000000ea300000| Untracked 
| 164|0x00000000ea400000, 0x00000000ea400000, 0x00000000ea500000|  0%| F|  |TAMS 0x00000000ea400000| PB 0x00000000ea400000| Untracked 
| 165|0x00000000ea500000, 0x00000000ea500000, 0x00000000ea600000|  0%| F|  |TAMS 0x00000000ea500000| PB 0x00000000ea500000| Untracked 
| 166|0x00000000ea600000, 0x00000000ea600000, 0x00000000ea700000|  0%| F|  |TAMS 0x00000000ea600000| PB 0x00000000ea600000| Untracked 
| 167|0x00000000ea700000, 0x00000000ea700000, 0x00000000ea800000|  0%| F|  |TAMS 0x00000000ea700000| PB 0x00000000ea700000| Untracked 
| 168|0x00000000ea800000, 0x00000000ea800000, 0x00000000ea900000|  0%| F|  |TAMS 0x00000000ea800000| PB 0x00000000ea800000| Untracked 
| 169|0x00000000ea900000, 0x00000000ea900000, 0x00000000eaa00000|  0%| F|  |TAMS 0x00000000ea900000| PB 0x00000000ea900000| Untracked 
| 170|0x00000000eaa00000, 0x00000000eaa00000, 0x00000000eab00000|  0%| F|  |TAMS 0x00000000eaa00000| PB 0x00000000eaa00000| Untracked 
| 171|0x00000000eab00000, 0x00000000eab00000, 0x00000000eac00000|  0%| F|  |TAMS 0x00000000eab00000| PB 0x00000000eab00000| Untracked 
| 172|0x00000000eac00000, 0x00000000eac00000, 0x00000000ead00000|  0%| F|  |TAMS 0x00000000eac00000| PB 0x00000000eac00000| Untracked 
| 173|0x00000000ead00000, 0x00000000ead00000, 0x00000000eae00000|  0%| F|  |TAMS 0x00000000ead00000| PB 0x00000000ead00000| Untracked 
| 174|0x00000000eae00000, 0x00000000eae818a0, 0x00000000eaf00000| 50%| E|  |TAMS 0x00000000eae00000| PB 0x00000000eae00000| Complete 
| 175|0x00000000eaf00000, 0x00000000eb000000, 0x00000000eb000000|100%| E|CS|TAMS 0x00000000eaf00000| PB 0x00000000eaf00000| Complete 
| 176|0x00000000eb000000, 0x00000000eb100000, 0x00000000eb100000|100%| E|CS|TAMS 0x00000000eb000000| PB 0x00000000eb000000| Complete 
| 177|0x00000000eb100000, 0x00000000eb200000, 0x00000000eb200000|100%| E|CS|TAMS 0x00000000eb100000| PB 0x00000000eb100000| Complete 
| 178|0x00000000eb200000, 0x00000000eb300000, 0x00000000eb300000|100%| E|CS|TAMS 0x00000000eb200000| PB 0x00000000eb200000| Complete 
| 179|0x00000000eb300000, 0x00000000eb400000, 0x00000000eb400000|100%| E|CS|TAMS 0x00000000eb300000| PB 0x00000000eb300000| Complete 
| 180|0x00000000eb400000, 0x00000000eb500000, 0x00000000eb500000|100%| E|CS|TAMS 0x00000000eb400000| PB 0x00000000eb400000| Complete 
| 181|0x00000000eb500000, 0x00000000eb600000, 0x00000000eb600000|100%| E|CS|TAMS 0x00000000eb500000| PB 0x00000000eb500000| Complete 
| 182|0x00000000eb600000, 0x00000000eb700000, 0x00000000eb700000|100%| E|CS|TAMS 0x00000000eb600000| PB 0x00000000eb600000| Complete 
| 183|0x00000000eb700000, 0x00000000eb800000, 0x00000000eb800000|100%| E|CS|TAMS 0x00000000eb700000| PB 0x00000000eb700000| Complete 
| 184|0x00000000eb800000, 0x00000000eb900000, 0x00000000eb900000|100%| E|CS|TAMS 0x00000000eb800000| PB 0x00000000eb800000| Complete 
| 185|0x00000000eb900000, 0x00000000eba00000, 0x00000000eba00000|100%| E|CS|TAMS 0x00000000eb900000| PB 0x00000000eb900000| Complete 
| 186|0x00000000eba00000, 0x00000000ebb00000, 0x00000000ebb00000|100%| E|CS|TAMS 0x00000000eba00000| PB 0x00000000eba00000| Complete 
| 187|0x00000000ebb00000, 0x00000000ebc00000, 0x00000000ebc00000|100%| E|CS|TAMS 0x00000000ebb00000| PB 0x00000000ebb00000| Complete 
| 188|0x00000000ebc00000, 0x00000000ebd00000, 0x00000000ebd00000|100%| E|CS|TAMS 0x00000000ebc00000| PB 0x00000000ebc00000| Complete 
| 189|0x00000000ebd00000, 0x00000000ebe00000, 0x00000000ebe00000|100%| E|CS|TAMS 0x00000000ebd00000| PB 0x00000000ebd00000| Complete 
| 190|0x00000000ebe00000, 0x00000000ebf00000, 0x00000000ebf00000|100%| E|CS|TAMS 0x00000000ebe00000| PB 0x00000000ebe00000| Complete 
| 191|0x00000000ebf00000, 0x00000000ec000000, 0x00000000ec000000|100%| E|CS|TAMS 0x00000000ebf00000| PB 0x00000000ebf00000| Complete 
| 192|0x00000000ec000000, 0x00000000ec100000, 0x00000000ec100000|100%| E|CS|TAMS 0x00000000ec000000| PB 0x00000000ec000000| Complete 
| 193|0x00000000ec100000, 0x00000000ec200000, 0x00000000ec200000|100%| E|CS|TAMS 0x00000000ec100000| PB 0x00000000ec100000| Complete 
| 194|0x00000000ec200000, 0x00000000ec300000, 0x00000000ec300000|100%| E|CS|TAMS 0x00000000ec200000| PB 0x00000000ec200000| Complete 
| 195|0x00000000ec300000, 0x00000000ec400000, 0x00000000ec400000|100%| E|CS|TAMS 0x00000000ec300000| PB 0x00000000ec300000| Complete 
| 196|0x00000000ec400000, 0x00000000ec500000, 0x00000000ec500000|100%| E|CS|TAMS 0x00000000ec400000| PB 0x00000000ec400000| Complete 
| 197|0x00000000ec500000, 0x00000000ec600000, 0x00000000ec600000|100%| E|CS|TAMS 0x00000000ec500000| PB 0x00000000ec500000| Complete 
| 198|0x00000000ec600000, 0x00000000ec700000, 0x00000000ec700000|100%| E|CS|TAMS 0x00000000ec600000| PB 0x00000000ec600000| Complete 
| 199|0x00000000ec700000, 0x00000000ec800000, 0x00000000ec800000|100%| E|CS|TAMS 0x00000000ec700000| PB 0x00000000ec700000| Complete 
| 200|0x00000000ec800000, 0x00000000ec900000, 0x00000000ec900000|100%| E|CS|TAMS 0x00000000ec800000| PB 0x00000000ec800000| Complete 
| 201|0x00000000ec900000, 0x00000000eca00000, 0x00000000eca00000|100%| E|CS|TAMS 0x00000000ec900000| PB 0x00000000ec900000| Complete 
| 202|0x00000000eca00000, 0x00000000ecb00000, 0x00000000ecb00000|100%| E|CS|TAMS 0x00000000eca00000| PB 0x00000000eca00000| Complete 
| 203|0x00000000ecb00000, 0x00000000ecc00000, 0x00000000ecc00000|100%| E|CS|TAMS 0x00000000ecb00000| PB 0x00000000ecb00000| Complete 
| 204|0x00000000ecc00000, 0x00000000ecd00000, 0x00000000ecd00000|100%| E|CS|TAMS 0x00000000ecc00000| PB 0x00000000ecc00000| Complete 
| 205|0x00000000ecd00000, 0x00000000ece00000, 0x00000000ece00000|100%| E|CS|TAMS 0x00000000ecd00000| PB 0x00000000ecd00000| Complete 
| 206|0x00000000ece00000, 0x00000000ecf00000, 0x00000000ecf00000|100%| E|CS|TAMS 0x00000000ece00000| PB 0x00000000ece00000| Complete 
| 207|0x00000000ecf00000, 0x00000000ed000000, 0x00000000ed000000|100%| E|CS|TAMS 0x00000000ecf00000| PB 0x00000000ecf00000| Complete 
| 208|0x00000000ed000000, 0x00000000ed100000, 0x00000000ed100000|100%| E|CS|TAMS 0x00000000ed000000| PB 0x00000000ed000000| Complete 
| 209|0x00000000ed100000, 0x00000000ed200000, 0x00000000ed200000|100%| E|CS|TAMS 0x00000000ed100000| PB 0x00000000ed100000| Complete 
| 210|0x00000000ed200000, 0x00000000ed300000, 0x00000000ed300000|100%| E|CS|TAMS 0x00000000ed200000| PB 0x00000000ed200000| Complete 
| 211|0x00000000ed300000, 0x00000000ed400000, 0x00000000ed400000|100%| E|CS|TAMS 0x00000000ed300000| PB 0x00000000ed300000| Complete 
| 212|0x00000000ed400000, 0x00000000ed500000, 0x00000000ed500000|100%| E|CS|TAMS 0x00000000ed400000| PB 0x00000000ed400000| Complete 
| 213|0x00000000ed500000, 0x00000000ed600000, 0x00000000ed600000|100%| E|CS|TAMS 0x00000000ed500000| PB 0x00000000ed500000| Complete 
| 214|0x00000000ed600000, 0x00000000ed700000, 0x00000000ed700000|100%| E|CS|TAMS 0x00000000ed600000| PB 0x00000000ed600000| Complete 
| 215|0x00000000ed700000, 0x00000000ed800000, 0x00000000ed800000|100%| E|CS|TAMS 0x00000000ed700000| PB 0x00000000ed700000| Complete 
| 216|0x00000000ed800000, 0x00000000ed900000, 0x00000000ed900000|100%| E|CS|TAMS 0x00000000ed800000| PB 0x00000000ed800000| Complete 
| 217|0x00000000ed900000, 0x00000000eda00000, 0x00000000eda00000|100%| E|CS|TAMS 0x00000000ed900000| PB 0x00000000ed900000| Complete 
| 218|0x00000000eda00000, 0x00000000edb00000, 0x00000000edb00000|100%| E|CS|TAMS 0x00000000eda00000| PB 0x00000000eda00000| Complete 
| 219|0x00000000edb00000, 0x00000000edc00000, 0x00000000edc00000|100%| E|CS|TAMS 0x00000000edb00000| PB 0x00000000edb00000| Complete 
| 220|0x00000000edc00000, 0x00000000edd00000, 0x00000000edd00000|100%| E|CS|TAMS 0x00000000edc00000| PB 0x00000000edc00000| Complete 
| 221|0x00000000edd00000, 0x00000000ede00000, 0x00000000ede00000|100%| E|CS|TAMS 0x00000000edd00000| PB 0x00000000edd00000| Complete 
| 222|0x00000000ede00000, 0x00000000edf00000, 0x00000000edf00000|100%| E|CS|TAMS 0x00000000ede00000| PB 0x00000000ede00000| Complete 
| 223|0x00000000edf00000, 0x00000000ee000000, 0x00000000ee000000|100%| E|CS|TAMS 0x00000000edf00000| PB 0x00000000edf00000| Complete 
| 224|0x00000000ee000000, 0x00000000ee100000, 0x00000000ee100000|100%| E|CS|TAMS 0x00000000ee000000| PB 0x00000000ee000000| Complete 
| 225|0x00000000ee100000, 0x00000000ee200000, 0x00000000ee200000|100%| E|CS|TAMS 0x00000000ee100000| PB 0x00000000ee100000| Complete 
| 226|0x00000000ee200000, 0x00000000ee300000, 0x00000000ee300000|100%| E|CS|TAMS 0x00000000ee200000| PB 0x00000000ee200000| Complete 
| 227|0x00000000ee300000, 0x00000000ee400000, 0x00000000ee400000|100%| E|CS|TAMS 0x00000000ee300000| PB 0x00000000ee300000| Complete 
| 228|0x00000000ee400000, 0x00000000ee500000, 0x00000000ee500000|100%| E|CS|TAMS 0x00000000ee400000| PB 0x00000000ee400000| Complete 
| 229|0x00000000ee500000, 0x00000000ee600000, 0x00000000ee600000|100%| E|CS|TAMS 0x00000000ee500000| PB 0x00000000ee500000| Complete 
| 230|0x00000000ee600000, 0x00000000ee61bf50, 0x00000000ee700000| 10%| S|CS|TAMS 0x00000000ee600000| PB 0x00000000ee600000| Complete 
| 231|0x00000000ee700000, 0x00000000ee800000, 0x00000000ee800000|100%| S|CS|TAMS 0x00000000ee700000| PB 0x00000000ee700000| Complete 
| 232|0x00000000ee800000, 0x00000000ee900000, 0x00000000ee900000|100%| E|CS|TAMS 0x00000000ee800000| PB 0x00000000ee800000| Complete 
| 233|0x00000000ee900000, 0x00000000eea00000, 0x00000000eea00000|100%| E|CS|TAMS 0x00000000ee900000| PB 0x00000000ee900000| Complete 
| 234|0x00000000eea00000, 0x00000000eeb00000, 0x00000000eeb00000|100%| E|CS|TAMS 0x00000000eea00000| PB 0x00000000eea00000| Complete 
| 235|0x00000000eeb00000, 0x00000000eec00000, 0x00000000eec00000|100%| E|CS|TAMS 0x00000000eeb00000| PB 0x00000000eeb00000| Complete 
| 236|0x00000000eec00000, 0x00000000eed00000, 0x00000000eed00000|100%| E|CS|TAMS 0x00000000eec00000| PB 0x00000000eec00000| Complete 
| 237|0x00000000eed00000, 0x00000000eee00000, 0x00000000eee00000|100%| E|CS|TAMS 0x00000000eed00000| PB 0x00000000eed00000| Complete 
| 238|0x00000000eee00000, 0x00000000eef00000, 0x00000000eef00000|100%| E|CS|TAMS 0x00000000eee00000| PB 0x00000000eee00000| Complete 
| 239|0x00000000eef00000, 0x00000000ef000000, 0x00000000ef000000|100%| E|CS|TAMS 0x00000000eef00000| PB 0x00000000eef00000| Complete 
| 240|0x00000000ef000000, 0x00000000ef100000, 0x00000000ef100000|100%| E|CS|TAMS 0x00000000ef000000| PB 0x00000000ef000000| Complete 
| 241|0x00000000ef100000, 0x00000000ef200000, 0x00000000ef200000|100%| E|CS|TAMS 0x00000000ef100000| PB 0x00000000ef100000| Complete 
| 242|0x00000000ef200000, 0x00000000ef300000, 0x00000000ef300000|100%| E|CS|TAMS 0x00000000ef200000| PB 0x00000000ef200000| Complete 
| 243|0x00000000ef300000, 0x00000000ef400000, 0x00000000ef400000|100%| E|CS|TAMS 0x00000000ef300000| PB 0x00000000ef300000| Complete 
| 244|0x00000000ef400000, 0x00000000ef500000, 0x00000000ef500000|100%| E|CS|TAMS 0x00000000ef400000| PB 0x00000000ef400000| Complete 
| 245|0x00000000ef500000, 0x00000000ef600000, 0x00000000ef600000|100%| E|CS|TAMS 0x00000000ef500000| PB 0x00000000ef500000| Complete 
| 246|0x00000000ef600000, 0x00000000ef700000, 0x00000000ef700000|100%| E|CS|TAMS 0x00000000ef600000| PB 0x00000000ef600000| Complete 
| 247|0x00000000ef700000, 0x00000000ef800000, 0x00000000ef800000|100%| E|CS|TAMS 0x00000000ef700000| PB 0x00000000ef700000| Complete 
| 248|0x00000000ef800000, 0x00000000ef900000, 0x00000000ef900000|100%| E|CS|TAMS 0x00000000ef800000| PB 0x00000000ef800000| Complete 
| 249|0x00000000ef900000, 0x00000000efa00000, 0x00000000efa00000|100%| E|CS|TAMS 0x00000000ef900000| PB 0x00000000ef900000| Complete 
| 250|0x00000000efa00000, 0x00000000efb00000, 0x00000000efb00000|100%| E|CS|TAMS 0x00000000efa00000| PB 0x00000000efa00000| Complete 
| 251|0x00000000efb00000, 0x00000000efc00000, 0x00000000efc00000|100%| E|CS|TAMS 0x00000000efb00000| PB 0x00000000efb00000| Complete 
| 252|0x00000000efc00000, 0x00000000efd00000, 0x00000000efd00000|100%| E|  |TAMS 0x00000000efc00000| PB 0x00000000efc00000| Complete 
| 253|0x00000000efd00000, 0x00000000efe00000, 0x00000000efe00000|100%| E|CS|TAMS 0x00000000efd00000| PB 0x00000000efd00000| Complete 
| 254|0x00000000efe00000, 0x00000000eff00000, 0x00000000eff00000|100%| E|CS|TAMS 0x00000000efe00000| PB 0x00000000efe00000| Complete 
| 255|0x00000000eff00000, 0x00000000f0000000, 0x00000000f0000000|100%| E|CS|TAMS 0x00000000eff00000| PB 0x00000000eff00000| Complete 

Card table byte_map: [0x00000218fa830000,0x00000218fa930000] _byte_map_base: 0x00000218fa130000

Marking Bits: (CMBitMap*) 0x00000218e15e4890
 Bits: [0x00000218faa30000, 0x00000218fb230000)

Polling page: 0x00000218e1680000

Metaspace:

Usage:
  Non-class:     15.09 MB used.
      Class:      2.49 MB used.
       Both:     17.58 MB used.

Virtual space:
  Non-class space:       64.00 MB reserved,      15.38 MB ( 24%) committed,  1 nodes.
      Class space:      308.00 MB reserved,       2.75 MB ( <1%) committed,  1 nodes.
             Both:      372.00 MB reserved,      18.12 MB (  5%) committed. 

Chunk freelists:
   Non-Class:  112.00 KB
       Class:  1.06 MB
        Both:  1.17 MB

MaxMetaspaceSize: 384.00 MB
CompressedClassSpaceSize: 308.00 MB
Initial GC threshold: 21.00 MB
Current GC threshold: 21.00 MB
CDS: on
MetaspaceReclaimPolicy: balanced
 - commit_granule_bytes: 65536.
 - commit_granule_words: 8192.
 - virtual_space_node_default_size: 8388608.
 - enlarge_chunks_in_place: 1.
 - new_chunks_are_fully_committed: 0.
 - uncommit_free_chunks: 1.
 - use_allocation_guard: 0.


Internal statistics:

num_allocs_failed_limit: 0.
num_arena_births: 754.
num_arena_deaths: 0.
num_vsnodes_births: 2.
num_vsnodes_deaths: 0.
num_space_committed: 290.
num_space_uncommitted: 0.
num_chunks_returned_to_freelist: 0.
num_chunks_taken_from_freelist: 1395.
num_chunk_merges: 0.
num_chunk_splits: 914.
num_chunks_enlarged: 615.
num_inconsistent_stats: 0.

CodeHeap 'non-profiled nmethods': size=120000Kb used=1174Kb max_used=1174Kb free=118825Kb
 bounds [0x00000218f2be0000, 0x00000218f2e50000, 0x00000218fa110000]
CodeHeap 'profiled nmethods': size=120000Kb used=5453Kb max_used=5453Kb free=114546Kb
 bounds [0x00000218eb110000, 0x00000218eb670000, 0x00000218f2640000]
CodeHeap 'non-nmethods': size=5760Kb used=1546Kb max_used=1568Kb free=4213Kb
 bounds [0x00000218f2640000, 0x00000218f28b0000, 0x00000218f2be0000]
 total_blobs=3295 nmethods=2731 adapters=474
 compilation: enabled
              stopped_count=0, restarted_count=0
 full_count=0

Compilation events (20 events):
Event: 2.906 Thread 0x00000218fd864db0 2722       1       java.lang.reflect.Constructor::getSharedParameterTypes (5 bytes)
Event: 2.906 Thread 0x00000218fd864db0 nmethod 2722 0x00000218f2d04d10 code [0x00000218f2d04e80, 0x00000218f2d04f48]
Event: 2.908 Thread 0x00000218fd864db0 2726       3       java.lang.invoke.Invokers::basicInvoker (103 bytes)
Event: 2.909 Thread 0x00000218fd864db0 nmethod 2726 0x00000218eb65e410 code [0x00000218eb65e680, 0x00000218eb65f038]
Event: 2.909 Thread 0x00000218fd864db0 2727       3       java.util.ArrayList::clear (43 bytes)
Event: 2.909 Thread 0x00000218fd864db0 nmethod 2727 0x00000218eb65f490 code [0x00000218eb65f640, 0x00000218eb65f9c0]
Event: 2.909 Thread 0x00000218fd864db0 2729       3       java.lang.invoke.MethodType::erase (8 bytes)
Event: 2.909 Thread 0x00000218fd864db0 nmethod 2729 0x00000218eb65fb10 code [0x00000218eb65fca0, 0x00000218eb65fdd0]
Event: 2.910 Thread 0x00000218fd864db0 2731       3       java.lang.invoke.MethodType::invokers (27 bytes)
Event: 2.911 Thread 0x00000218fd864db0 nmethod 2731 0x00000218eb65fe90 code [0x00000218eb660040, 0x00000218eb660488]
Event: 2.911 Thread 0x00000218fd864db0 2732       3       java.lang.invoke.LambdaForm::<init> (13 bytes)
Event: 2.911 Thread 0x00000218fd864db0 nmethod 2732 0x00000218eb660590 code [0x00000218eb660720, 0x00000218eb660870]
Event: 2.911 Thread 0x00000218fd864db0 2733       3       java.lang.invoke.LambdaFormBuffer::setNames (22 bytes)
Event: 2.911 Thread 0x00000218fd864db0 nmethod 2733 0x00000218eb660910 code [0x00000218eb660aa0, 0x00000218eb660c78]
Event: 2.912 Thread 0x00000218fd864db0 2734       3       java.lang.invoke.LambdaFormBuffer::nameArray (15 bytes)
Event: 2.912 Thread 0x00000218fd864db0 nmethod 2734 0x00000218eb660d10 code [0x00000218eb660ec0, 0x00000218eb661188]
Event: 2.912 Thread 0x00000218fd864db0 2735       3       java.lang.invoke.LambdaFormBuffer::resultIndex (41 bytes)
Event: 2.912 Thread 0x00000218fd864db0 nmethod 2735 0x00000218eb661290 code [0x00000218eb661440, 0x00000218eb661720]
Event: 2.913 Thread 0x00000218fd864db0 2736       3       java.lang.invoke.LambdaFormEditor$TransformKey::bval (26 bytes)
Event: 2.913 Thread 0x00000218fd864db0 nmethod 2736 0x00000218eb661810 code [0x00000218eb6619a0, 0x00000218eb661aa8]

GC Heap History (6 events):
Event: 0.445 GC heap before
{Heap before GC invocations=0 (full 0):
 garbage-first heap   total 262144K, used 13312K [0x00000000e0000000, 0x0000000100000000)
  region size 1024K, 13 young (13312K), 0 survivors (0K)
 Metaspace       used 1027K, committed 1152K, reserved 380928K
  class space    used 85K, committed 128K, reserved 315392K
}
Event: 0.447 GC heap after
{Heap after GC invocations=1 (full 0):
 garbage-first heap   total 262144K, used 3659K [0x00000000e0000000, 0x0000000100000000)
  region size 1024K, 2 young (2048K), 2 survivors (2048K)
 Metaspace       used 1027K, committed 1152K, reserved 380928K
  class space    used 85K, committed 128K, reserved 315392K
}
Event: 0.969 GC heap before
{Heap before GC invocations=1 (full 0):
 garbage-first heap   total 262144K, used 23115K [0x00000000e0000000, 0x0000000100000000)
  region size 1024K, 18 young (18432K), 2 survivors (2048K)
 Metaspace       used 3995K, committed 4160K, reserved 380928K
  class space    used 494K, committed 576K, reserved 315392K
}
Event: 0.972 GC heap after
{Heap after GC invocations=2 (full 0):
 garbage-first heap   total 262144K, used 10784K [0x00000000e0000000, 0x0000000100000000)
  region size 1024K, 3 young (3072K), 3 survivors (3072K)
 Metaspace       used 3995K, committed 4160K, reserved 380928K
  class space    used 494K, committed 576K, reserved 315392K
}
Event: 1.360 GC heap before
{Heap before GC invocations=2 (full 0):
 garbage-first heap   total 262144K, used 32288K [0x00000000e0000000, 0x0000000100000000)
  region size 1024K, 24 young (24576K), 3 survivors (3072K)
 Metaspace       used 4094K, committed 4288K, reserved 380928K
  class space    used 495K, committed 576K, reserved 315392K
}
Event: 1.362 GC heap after
{Heap after GC invocations=3 (full 0):
 garbage-first heap   total 262144K, used 12172K [0x00000000e0000000, 0x0000000100000000)
  region size 1024K, 2 young (2048K), 2 survivors (2048K)
 Metaspace       used 4094K, committed 4288K, reserved 380928K
  class space    used 495K, committed 576K, reserved 315392K
}

Dll operation events (15 events):
Event: 0.011 Loaded shared library C:\Program Files\Eclipse Adoptium\jdk-20.0.2.9-hotspot\bin\java.dll
Event: 0.029 Loaded shared library C:\Program Files\Eclipse Adoptium\jdk-20.0.2.9-hotspot\bin\jsvml.dll
Event: 0.094 Loaded shared library C:\Program Files\Eclipse Adoptium\jdk-20.0.2.9-hotspot\bin\zip.dll
Event: 0.098 Loaded shared library C:\Program Files\Eclipse Adoptium\jdk-20.0.2.9-hotspot\bin\instrument.dll
Event: 0.103 Loaded shared library C:\Program Files\Eclipse Adoptium\jdk-20.0.2.9-hotspot\bin\net.dll
Event: 0.105 Loaded shared library C:\Program Files\Eclipse Adoptium\jdk-20.0.2.9-hotspot\bin\nio.dll
Event: 0.110 Loaded shared library C:\Program Files\Eclipse Adoptium\jdk-20.0.2.9-hotspot\bin\zip.dll
Event: 0.353 Loaded shared library C:\Program Files\Eclipse Adoptium\jdk-20.0.2.9-hotspot\bin\jimage.dll
Event: 0.426 Loaded shared library C:\Program Files\Eclipse Adoptium\jdk-20.0.2.9-hotspot\bin\verify.dll
Event: 0.614 Loaded shared library C:\Users\dswet\.gradle\native\c067742578af261105cb4f569cf0c3c89f3d7b1fecec35dd04571415982c5e48\windows-amd64\native-platform.dll
Event: 0.627 Loaded shared library C:\Users\dswet\.gradle\native\38dada09dfb8b06ba9b0570ebf7e218e3eb74d4ef43ca46872605cf95ebc2f47\windows-amd64\native-platform-file-events.dll
Event: 1.764 Loaded shared library C:\Program Files\Eclipse Adoptium\jdk-20.0.2.9-hotspot\bin\management.dll
Event: 1.767 Loaded shared library C:\Program Files\Eclipse Adoptium\jdk-20.0.2.9-hotspot\bin\management_ext.dll
Event: 1.962 Loaded shared library C:\Program Files\Eclipse Adoptium\jdk-20.0.2.9-hotspot\bin\extnet.dll
Event: 2.160 Loaded shared library C:\Program Files\Eclipse Adoptium\jdk-20.0.2.9-hotspot\bin\sunmscapi.dll

Deoptimization events (20 events):
Event: 2.581 Thread 0x00000218ff527060 DEOPT PACKING pc=0x00000218f2c72ba4 sp=0x000000a2f5bfd350
Event: 2.581 Thread 0x00000218ff527060 DEOPT UNPACKING pc=0x00000218f26a9d22 sp=0x000000a2f5bfd1e8 mode 2
Event: 2.609 Thread 0x00000218ff527060 Uncommon trap: trap_request=0xffffff45 fr.pc=0x00000218f2c042c4 relative=0x0000000000000c44
Event: 2.609 Thread 0x00000218ff527060 Uncommon trap: reason=unstable_if action=reinterpret pc=0x00000218f2c042c4 method=java.io.WinNTFileSystem.resolve(Ljava/lang/String;Ljava/lang/String;)Ljava/lang/String; @ 19 c2
Event: 2.609 Thread 0x00000218ff527060 DEOPT PACKING pc=0x00000218f2c042c4 sp=0x000000a2f5bfd0b0
Event: 2.609 Thread 0x00000218ff527060 DEOPT UNPACKING pc=0x00000218f26a9d22 sp=0x000000a2f5bfd048 mode 2
Event: 2.610 Thread 0x00000218ff527060 Uncommon trap: trap_request=0xffffff45 fr.pc=0x00000218f2c50188 relative=0x00000000000005e8
Event: 2.610 Thread 0x00000218ff527060 Uncommon trap: reason=unstable_if action=reinterpret pc=0x00000218f2c50188 method=java.io.File.getName()Ljava/lang/String; @ 16 c2
Event: 2.610 Thread 0x00000218ff527060 DEOPT PACKING pc=0x00000218f2c50188 sp=0x000000a2f5bfd060
Event: 2.610 Thread 0x00000218ff527060 DEOPT UNPACKING pc=0x00000218f26a9d22 sp=0x000000a2f5bfd030 mode 2
Event: 2.817 Thread 0x00000218ff527060 DEOPT PACKING pc=0x00000218eb54066e sp=0x000000a2f5bfc110
Event: 2.818 Thread 0x00000218ff527060 DEOPT UNPACKING pc=0x00000218f26aa4c2 sp=0x000000a2f5bfb580 mode 0
Event: 2.841 Thread 0x00000218ff527060 Uncommon trap: trap_request=0xffffff45 fr.pc=0x00000218f2cc547c relative=0x000000000000033c
Event: 2.841 Thread 0x00000218ff527060 Uncommon trap: reason=unstable_if action=reinterpret pc=0x00000218f2cc547c method=java.lang.invoke.VarHandle.accessModeType(I)Ljava/lang/invoke/MethodType; @ 6 c2
Event: 2.841 Thread 0x00000218ff527060 DEOPT PACKING pc=0x00000218f2cc547c sp=0x000000a2f5bfb140
Event: 2.841 Thread 0x00000218ff527060 DEOPT UNPACKING pc=0x00000218f26a9d22 sp=0x000000a2f5bfb020 mode 2
Event: 2.841 Thread 0x00000218ff527060 Uncommon trap: trap_request=0xffffff45 fr.pc=0x00000218f2cc3f08 relative=0x0000000000000088
Event: 2.841 Thread 0x00000218ff527060 Uncommon trap: reason=unstable_if action=reinterpret pc=0x00000218f2cc3f08 method=jdk.internal.misc.Unsafe.convEndian(ZI)I @ 4 c2
Event: 2.841 Thread 0x00000218ff527060 DEOPT PACKING pc=0x00000218f2cc3f08 sp=0x000000a2f5bfb080
Event: 2.841 Thread 0x00000218ff527060 DEOPT UNPACKING pc=0x00000218f26a9d22 sp=0x000000a2f5bfaf88 mode 2

Classes loaded (20 events):
Event: 2.803 Loading class java/lang/management/MemoryUsage
Event: 2.803 Loading class java/lang/management/MemoryUsage done
Event: 2.803 Loading class java/util/concurrent/LinkedBlockingDeque$Node
Event: 2.803 Loading class java/util/concurrent/LinkedBlockingDeque$Node done
Event: 2.839 Loading class sun/security/provider/MD5
Event: 2.839 Loading class sun/security/provider/MD5 done
Event: 2.839 Loading class sun/security/provider/SHA5$SHA512
Event: 2.839 Loading class sun/security/provider/SHA5
Event: 2.839 Loading class sun/security/provider/SHA5 done
Event: 2.839 Loading class sun/security/provider/SHA5$SHA512 done
Event: 2.840 Loading class sun/security/provider/ByteArrayAccess$LE
Event: 2.840 Loading class sun/security/provider/ByteArrayAccess$LE done
Event: 2.860 Loading class java/util/concurrent/Semaphore
Event: 2.860 Loading class java/util/concurrent/Semaphore done
Event: 2.862 Loading class java/nio/file/FileVisitOption
Event: 2.862 Loading class java/nio/file/FileVisitOption done
Event: 2.865 Loading class java/util/stream/ReduceOps$1
Event: 2.865 Loading class java/util/stream/ReduceOps$1 done
Event: 2.865 Loading class java/util/stream/ReduceOps$1ReducingSink
Event: 2.866 Loading class java/util/stream/ReduceOps$1ReducingSink done

Classes unloaded (0 events):
No events

Classes redefined (0 events):
No events

Internal exceptions (20 events):
Event: 2.651 Thread 0x00000218ff527060 Exception <a 'java/lang/NoSuchMethodError'{0x00000000ebfbebd0}: 'java.lang.Object java.lang.invoke.DirectMethodHandle$Holder.invokeStatic(java.lang.Object, java.lang.Object, java.lang.Object, java.lang.Object, java.lang.Object, java.lang.Object, java.lang.Object, java.lang.Object, java.lang.Object, java.lang.Object, java.lang.Object, java.lang.Object, java.lang.Object, java.lang.Object, java.lang.Object, java.lang.Object, java.lang.Object, java.lang.Object)'> (0x00000000ebfbebd0) 
thrown [s\src\hotspot\sha
Event: 2.653 Thread 0x00000218ff527060 Exception <a 'java/lang/NoSuchMethodError'{0x00000000ebfe8c40}: 'java.lang.Object java.lang.invoke.DirectMethodHandle$Holder.invokeStatic(java.lang.Object, java.lang.Object, java.lang.Object, java.lang.Object, java.lang.Object, java.lang.Object, java.lang.Object, java.lang.Object, java.lang.Object, java.lang.Object, java.lang.Object, java.lang.Object, java.lang.Object, java.lang.Object, java.lang.Object, java.lang.Object, java.lang.Object, java.lang.Object, java.lang.Object)'> (0x00000000ebfe8c40) 
thrown 
Event: 2.654 Thread 0x00000218ff527060 Exception <a 'java/lang/NoSuchMethodError'{0x00000000ebe13da0}: 'java.lang.Object java.lang.invoke.DirectMethodHandle$Holder.invokeStatic(java.lang.Object, java.lang.Object, java.lang.Object, java.lang.Object, java.lang.Object, java.lang.Object, java.lang.Object, java.lang.Object, java.lang.Object, java.lang.Object, java.lang.Object, java.lang.Object, java.lang.Object, java.lang.Object, java.lang.Object, java.lang.Object, java.lang.Object, java.lang.Object, java.lang.Object, java.lang.Object)'> (0x00000000
Event: 2.656 Thread 0x00000218ff527060 Exception <a 'java/lang/NoSuchMethodError'{0x00000000ebe3fba0}: 'java.lang.Object java.lang.invoke.DirectMethodHandle$Holder.invokeStatic(java.lang.Object, java.lang.Object, java.lang.Object, java.lang.Object, java.lang.Object, java.lang.Object, java.lang.Object, java.lang.Object, java.lang.Object, java.lang.Object, java.lang.Object, java.lang.Object, java.lang.Object, java.lang.Object, java.lang.Object, java.lang.Object, java.lang.Object, java.lang.Object, java.lang.Object, java.lang.Object, java.lang.Obj
Event: 2.658 Thread 0x00000218ff527060 Exception <a 'java/lang/NoSuchMethodError'{0x00000000ebe6c4c0}: 'java.lang.Object java.lang.invoke.DirectMethodHandle$Holder.invokeStatic(java.lang.Object, java.lang.Object, java.lang.Object, java.lang.Object, java.lang.Object, java.lang.Object, java.lang.Object, java.lang.Object, java.lang.Object, java.lang.Object, java.lang.Object, java.lang.Object, java.lang.Object, java.lang.Object, java.lang.Object, java.lang.Object, java.lang.Object, java.lang.Object, java.lang.Object, java.lang.Object, java.lang.Obj
Event: 2.660 Thread 0x00000218ff527060 Exception <a 'java/lang/NoSuchMethodError'{0x00000000ebe99f10}: 'java.lang.Object java.lang.invoke.DirectMethodHandle$Holder.invokeStatic(java.lang.Object, java.lang.Object, java.lang.Object, java.lang.Object, java.lang.Object, java.lang.Object, java.lang.Object, java.lang.Object, java.lang.Object, java.lang.Object, java.lang.Object, java.lang.Object, java.lang.Object, java.lang.Object, java.lang.Object, java.lang.Object, java.lang.Object, java.lang.Object, java.lang.Object, java.lang.Object, java.lang.Obj
Event: 2.662 Thread 0x00000218ff527060 Exception <a 'java/lang/NoSuchMethodError'{0x00000000ebec8140}: 'java.lang.Object java.lang.invoke.DirectMethodHandle$Holder.invokeStatic(java.lang.Object, java.lang.Object, java.lang.Object, java.lang.Object, java.lang.Object, java.lang.Object, java.lang.Object, java.lang.Object, java.lang.Object, java.lang.Object, java.lang.Object, java.lang.Object, java.lang.Object, java.lang.Object, java.lang.Object, java.lang.Object, java.lang.Object, java.lang.Object, java.lang.Object, java.lang.Object, java.lang.Obj
Event: 2.665 Thread 0x00000218ff527060 Exception <a 'java/lang/NoSuchMethodError'{0x00000000ebef8070}: 'java.lang.Object java.lang.invoke.DirectMethodHandle$Holder.invokeStatic(java.lang.Object, java.lang.Object, java.lang.Object, java.lang.Object, java.lang.Object, java.lang.Object, java.lang.Object, java.lang.Object, java.lang.Object, java.lang.Object, java.lang.Object, java.lang.Object, java.lang.Object, java.lang.Object, java.lang.Object, java.lang.Object, java.lang.Object, java.lang.Object, java.lang.Object, java.lang.Object, java.lang.Obj
Event: 2.826 Thread 0x00000218ff527060 Exception <a 'java/lang/IncompatibleClassChangeError'{0x00000000eb567a08}: Found class java.lang.Object, but interface was expected> (0x00000000eb567a08) 
thrown [s\src\hotspot\share\interpreter\linkResolver.cpp, line 840]
Event: 2.841 Thread 0x00000218ff527060 Implicit null exception at 0x00000218f2cc5188 to 0x00000218f2cc544c
Event: 2.855 Thread 0x00000218ff527060 Exception <a 'java/lang/NoSuchMethodError'{0x00000000eb4bdb70}: 'java.lang.Object java.lang.invoke.DirectMethodHandle$Holder.invokeVirtual(java.lang.Object, java.lang.Object, java.lang.Object, java.lang.Object, java.lang.Object, java.lang.Object, java.lang.Object, java.lang.Object, java.lang.Object)'> (0x00000000eb4bdb70) 
thrown [s\src\hotspot\share\interpreter\linkResolver.cpp, line 773]
Event: 2.863 Thread 0x00000218ff527060 Exception <a 'java/lang/NoSuchMethodError'{0x00000000eb3342f8}: 'int java.lang.invoke.DirectMethodHandle$Holder.invokeSpecialIFC(java.lang.Object, java.lang.Object, java.lang.Object, java.lang.Object)'> (0x00000000eb3342f8) 
thrown [s\src\hotspot\share\interpreter\linkResolver.cpp, line 773]
Event: 2.865 Thread 0x00000218ff527060 Exception <a 'java/lang/NoSuchMethodError'{0x00000000eb3434f0}: 'java.lang.Object java.lang.invoke.DirectMethodHandle$Holder.invokeInterface(java.lang.Object, java.lang.Object, java.lang.Object)'> (0x00000000eb3434f0) 
thrown [s\src\hotspot\share\interpreter\linkResolver.cpp, line 773]
Event: 2.865 Thread 0x00000218ff527060 Exception <a 'java/lang/IncompatibleClassChangeError'{0x00000000eb346e38}: Found class java.lang.Object, but interface was expected> (0x00000000eb346e38) 
thrown [s\src\hotspot\share\interpreter\linkResolver.cpp, line 840]
Event: 2.884 Thread 0x00000218ff527060 Exception <a 'java/lang/NoSuchMethodError'{0x00000000eb248510}: 'java.lang.Object java.lang.invoke.DirectMethodHandle$Holder.newInvokeSpecial(java.lang.Object, java.lang.Object, java.lang.Object, java.lang.Object, java.lang.Object, java.lang.Object, java.lang.Object, java.lang.Object, java.lang.Object, java.lang.Object, java.lang.Object, java.lang.Object, java.lang.Object)'> (0x00000000eb248510) 
thrown [s\src\hotspot\share\interpreter\linkResolver.cpp, line 773]
Event: 2.885 Thread 0x00000218ff527060 Exception <a 'java/lang/NoSuchMethodError'{0x00000000eb24d9c0}: 'java.lang.Object java.lang.invoke.DirectMethodHandle$Holder.invokeSpecial(java.lang.Object, java.lang.Object, java.lang.Object, java.lang.Object, java.lang.Object, java.lang.Object, java.lang.Object, java.lang.Object, java.lang.Object, java.lang.Object, java.lang.Object, java.lang.Object, java.lang.Object, java.lang.Object)'> (0x00000000eb24d9c0) 
thrown [s\src\hotspot\share\interpreter\linkResolver.cpp, line 773]
Event: 2.885 Thread 0x00000218ff527060 Exception <a 'java/lang/NoSuchMethodError'{0x00000000eb2521a0}: 'java.lang.Object java.lang.invoke.DelegatingMethodHandle$Holder.reinvoke_L(java.lang.Object, java.lang.Object, java.lang.Object, java.lang.Object, java.lang.Object, java.lang.Object, java.lang.Object, java.lang.Object, java.lang.Object, java.lang.Object, java.lang.Object, java.lang.Object, java.lang.Object)'> (0x00000000eb2521a0) 
thrown [s\src\hotspot\share\interpreter\linkResolver.cpp, line 773]
Event: 2.909 Thread 0x00000218ff527060 Exception <a 'java/lang/NoSuchMethodError'{0x00000000eb1a7600}: 'java.lang.Object java.lang.invoke.DirectMethodHandle$Holder.invokeVirtual(java.lang.Object, java.lang.Object, java.lang.Object, java.lang.Object, java.lang.Object, java.lang.Object, java.lang.Object, java.lang.Object, java.lang.Object, java.lang.Object, java.lang.Object, java.lang.Object, java.lang.Object, java.lang.Object, java.lang.Object, java.lang.Object, java.lang.Object, java.lang.Object, java.lang.Object, java.lang.Object, java.lang.Ob
Event: 2.909 Thread 0x00000218ff527060 Exception <a 'java/lang/NoSuchMethodError'{0x00000000eb1ad8a8}: 'java.lang.Object java.lang.invoke.DirectMethodHandle$Holder.invokeSpecial(java.lang.Object, java.lang.Object, java.lang.Object, java.lang.Object, java.lang.Object, java.lang.Object, java.lang.Object, java.lang.Object, java.lang.Object, java.lang.Object, java.lang.Object, java.lang.Object, java.lang.Object, java.lang.Object, java.lang.Object, java.lang.Object, java.lang.Object, java.lang.Object, java.lang.Object, java.lang.Object, java.lang.Ob
Event: 2.910 Thread 0x00000218ff527060 Exception <a 'java/lang/NoSuchMethodError'{0x00000000eb1b3120}: 'java.lang.Object java.lang.invoke.DelegatingMethodHandle$Holder.reinvoke_L(java.lang.Object, java.lang.Object, java.lang.Object, java.lang.Object, java.lang.Object, java.lang.Object, java.lang.Object, java.lang.Object, java.lang.Object, java.lang.Object, java.lang.Object, java.lang.Object, java.lang.Object, java.lang.Object, java.lang.Object, java.lang.Object, java.lang.Object, java.lang.Object, java.lang.Object, java.lang.Object, java.lang.O

VM Operations (20 events):
Event: 1.939 Executing VM operation: HandshakeAllThreads
Event: 1.939 Executing VM operation: HandshakeAllThreads done
Event: 2.076 Executing VM operation: HandshakeAllThreads
Event: 2.076 Executing VM operation: HandshakeAllThreads done
Event: 2.140 Executing VM operation: HandshakeAllThreads
Event: 2.140 Executing VM operation: HandshakeAllThreads done
Event: 2.144 Executing VM operation: ICBufferFull
Event: 2.144 Executing VM operation: ICBufferFull done
Event: 2.547 Executing VM operation: HandshakeAllThreads
Event: 2.547 Executing VM operation: HandshakeAllThreads done
Event: 2.614 Executing VM operation: HandshakeAllThreads
Event: 2.615 Executing VM operation: HandshakeAllThreads done
Event: 2.615 Executing VM operation: HandshakeAllThreads
Event: 2.615 Executing VM operation: HandshakeAllThreads done
Event: 2.672 Executing VM operation: HandshakeAllThreads
Event: 2.672 Executing VM operation: HandshakeAllThreads done
Event: 2.672 Executing VM operation: HandshakeAllThreads
Event: 2.672 Executing VM operation: HandshakeAllThreads done
Event: 2.819 Executing VM operation: ICBufferFull
Event: 2.819 Executing VM operation: ICBufferFull done

Events (20 events):
Event: 0.043 Thread 0x00000218fd84cb10 Thread added: 0x00000218fd84cb10
Event: 0.043 Thread 0x00000218fd84d5f0 Thread added: 0x00000218fd84d5f0
Event: 0.043 Thread 0x00000218fd858280 Thread added: 0x00000218fd858280
Event: 0.043 Thread 0x00000218fd864db0 Thread added: 0x00000218fd864db0
Event: 0.069 Thread 0x00000218fd80add0 Thread added: 0x00000218fd80add0
Event: 0.130 Thread 0x00000218fdb3c220 Thread added: 0x00000218fdb3c220
Event: 1.349 Thread 0x00000218fe598090 Thread added: 0x00000218fe598090
Event: 1.795 Thread 0x00000218ff254f70 Thread added: 0x00000218ff254f70
Event: 2.053 Thread 0x00000218ff213d50 Thread added: 0x00000218ff213d50
Event: 2.109 Thread 0x00000218ff22d090 Thread added: 0x00000218ff22d090
Event: 2.179 Thread 0x00000218ff429c80 Thread added: 0x00000218ff429c80
Event: 2.182 Thread 0x00000218ff526070 Thread added: 0x00000218ff526070
Event: 2.223 Thread 0x00000218ff5255d0 Thread added: 0x00000218ff5255d0
Event: 2.229 Thread 0x00000218ff527060 Thread added: 0x00000218ff527060
Event: 2.238 Thread 0x00000218ff5265c0 Thread added: 0x00000218ff5265c0
Event: 2.240 Thread 0x00000218ff5275b0 Thread added: 0x00000218ff5275b0
Event: 2.243 Thread 0x00000218ff527b00 Thread added: 0x00000218ff527b00
Event: 2.547 Thread 0x00000218ff525080 Thread added: 0x00000218ff525080
Event: 2.555 Thread 0x00000218ff526b10 Thread added: 0x00000218ff526b10
Event: 2.833 Thread 0x00000218ff528050 Thread added: 0x00000218ff528050


Dynamic libraries:
0x00007ff7ae860000 - 0x00007ff7ae86e000 	C:\Program Files\Eclipse Adoptium\jdk-20.0.2.9-hotspot\bin\java.exe
0x00007ffbae550000 - 0x00007ffbae748000 	C:\Windows\SYSTEM32\ntdll.dll
0x00007ffbace50000 - 0x00007ffbacf0d000 	C:\Windows\System32\KERNEL32.DLL
0x00007ffbabf80000 - 0x00007ffbac276000 	C:\Windows\System32\KERNELBASE.dll
0x00007ffbabe80000 - 0x00007ffbabf80000 	C:\Windows\System32\ucrtbase.dll
0x00007ffb96600000 - 0x00007ffb9661b000 	C:\Program Files\Eclipse Adoptium\jdk-20.0.2.9-hotspot\bin\VCRUNTIME140.dll
0x00007ffb976c0000 - 0x00007ffb976d7000 	C:\Program Files\Eclipse Adoptium\jdk-20.0.2.9-hotspot\bin\jli.dll
0x00007ffbae190000 - 0x00007ffbae32f000 	C:\Windows\System32\USER32.dll
0x00007ffbac2d0000 - 0x00007ffbac2f2000 	C:\Windows\System32\win32u.dll
0x00007ffb9ac90000 - 0x00007ffb9af2a000 	C:\Windows\WinSxS\amd64_microsoft.windows.common-controls_6595b64144ccf1df_6.0.19041.4355_none_60b8b9eb71f62e16\COMCTL32.dll
0x00007ffbadf90000 - 0x00007ffbadfbb000 	C:\Windows\System32\GDI32.dll
0x00007ffbacdb0000 - 0x00007ffbace4e000 	C:\Windows\System32\msvcrt.dll
0x00007ffbabd60000 - 0x00007ffbabe77000 	C:\Windows\System32\gdi32full.dll
0x00007ffbac370000 - 0x00007ffbac40d000 	C:\Windows\System32\msvcp_win.dll
0x00007ffbacd40000 - 0x00007ffbacd72000 	C:\Windows\System32\IMM32.DLL
0x00007ffba2e80000 - 0x00007ffba2e8c000 	C:\Program Files\Eclipse Adoptium\jdk-20.0.2.9-hotspot\bin\vcruntime140_1.dll
0x00007ffb84330000 - 0x00007ffb843bd000 	C:\Program Files\Eclipse Adoptium\jdk-20.0.2.9-hotspot\bin\msvcp140.dll
0x00007ffb2eac0000 - 0x00007ffb2f7cf000 	C:\Program Files\Eclipse Adoptium\jdk-20.0.2.9-hotspot\bin\server\jvm.dll
0x00007ffbacc90000 - 0x00007ffbacd40000 	C:\Windows\System32\ADVAPI32.dll
0x00007ffbae330000 - 0x00007ffbae3d0000 	C:\Windows\System32\sechost.dll
0x00007ffbad0c0000 - 0x00007ffbad1e3000 	C:\Windows\System32\RPCRT4.dll
0x00007ffbac550000 - 0x00007ffbac577000 	C:\Windows\System32\bcrypt.dll
0x00007ffba1960000 - 0x00007ffba1969000 	C:\Windows\SYSTEM32\WSOCK32.dll
0x00007ffbad2a0000 - 0x00007ffbad30b000 	C:\Windows\System32\WS2_32.dll
0x00007ffb909d0000 - 0x00007ffb909f7000 	C:\Windows\SYSTEM32\WINMM.dll
0x00007ffba1a60000 - 0x00007ffba1a6a000 	C:\Windows\SYSTEM32\VERSION.dll
0x00007ffbaa3d0000 - 0x00007ffbaa3e2000 	C:\Windows\SYSTEM32\kernel.appcore.dll
0x00007ffba1900000 - 0x00007ffba190a000 	C:\Program Files\Eclipse Adoptium\jdk-20.0.2.9-hotspot\bin\jimage.dll
0x00007ffba9a10000 - 0x00007ffba9bf4000 	C:\Windows\SYSTEM32\DBGHELP.DLL
0x00007ffba01c0000 - 0x00007ffba01f4000 	C:\Windows\SYSTEM32\dbgcore.DLL
0x00007ffbac4c0000 - 0x00007ffbac542000 	C:\Windows\System32\bcryptPrimitives.dll
0x00007ffb92f70000 - 0x00007ffb92f7e000 	C:\Program Files\Eclipse Adoptium\jdk-20.0.2.9-hotspot\bin\instrument.dll
0x00007ffb96250000 - 0x00007ffb96276000 	C:\Program Files\Eclipse Adoptium\jdk-20.0.2.9-hotspot\bin\java.dll
0x00007ffb69f00000 - 0x00007ffb69fd7000 	C:\Program Files\Eclipse Adoptium\jdk-20.0.2.9-hotspot\bin\jsvml.dll
0x00007ffbad7c0000 - 0x00007ffbadf2b000 	C:\Windows\System32\SHELL32.dll
0x00007ffba9c20000 - 0x00007ffbaa3bd000 	C:\Windows\SYSTEM32\windows.storage.dll
0x00007ffbad460000 - 0x00007ffbad7b3000 	C:\Windows\System32\combase.dll
0x00007ffbab5b0000 - 0x00007ffbab5de000 	C:\Windows\SYSTEM32\Wldp.dll
0x00007ffbacb10000 - 0x00007ffbacbdd000 	C:\Windows\System32\OLEAUT32.dll
0x00007ffbad1f0000 - 0x00007ffbad29d000 	C:\Windows\System32\SHCORE.dll
0x00007ffbad400000 - 0x00007ffbad455000 	C:\Windows\System32\shlwapi.dll
0x00007ffbabb30000 - 0x00007ffbabb54000 	C:\Windows\SYSTEM32\profapi.dll
0x00007ffb932b0000 - 0x00007ffb932c8000 	C:\Program Files\Eclipse Adoptium\jdk-20.0.2.9-hotspot\bin\zip.dll
0x00007ffb96430000 - 0x00007ffb96443000 	C:\Program Files\Eclipse Adoptium\jdk-20.0.2.9-hotspot\bin\net.dll
0x00007ffba3820000 - 0x00007ffba392a000 	C:\Windows\SYSTEM32\WINHTTP.dll
0x00007ffbab2b0000 - 0x00007ffbab31a000 	C:\Windows\system32\mswsock.dll
0x00007ffb96230000 - 0x00007ffb96246000 	C:\Program Files\Eclipse Adoptium\jdk-20.0.2.9-hotspot\bin\nio.dll
0x00007ffb94c90000 - 0x00007ffb94ca0000 	C:\Program Files\Eclipse Adoptium\jdk-20.0.2.9-hotspot\bin\verify.dll
0x00007ffb92e70000 - 0x00007ffb92e97000 	C:\Users\dswet\.gradle\native\c067742578af261105cb4f569cf0c3c89f3d7b1fecec35dd04571415982c5e48\windows-amd64\native-platform.dll
0x00007ffb63840000 - 0x00007ffb63984000 	C:\Users\dswet\.gradle\native\38dada09dfb8b06ba9b0570ebf7e218e3eb74d4ef43ca46872605cf95ebc2f47\windows-amd64\native-platform-file-events.dll
0x00007ffb92c90000 - 0x00007ffb92c99000 	C:\Program Files\Eclipse Adoptium\jdk-20.0.2.9-hotspot\bin\management.dll
0x00007ffb92c80000 - 0x00007ffb92c8b000 	C:\Program Files\Eclipse Adoptium\jdk-20.0.2.9-hotspot\bin\management_ext.dll
0x00007ffbacda0000 - 0x00007ffbacda8000 	C:\Windows\System32\PSAPI.DLL
0x00007ffbab4b0000 - 0x00007ffbab4c8000 	C:\Windows\SYSTEM32\CRYPTSP.dll
0x00007ffbaab90000 - 0x00007ffbaabc4000 	C:\Windows\system32\rsaenh.dll
0x00007ffbabae0000 - 0x00007ffbabb0e000 	C:\Windows\SYSTEM32\USERENV.dll
0x00007ffbab4a0000 - 0x00007ffbab4ac000 	C:\Windows\SYSTEM32\CRYPTBASE.dll
0x00007ffbaaf70000 - 0x00007ffbaafab000 	C:\Windows\SYSTEM32\IPHLPAPI.DLL
0x00007ffbae3d0000 - 0x00007ffbae3d8000 	C:\Windows\System32\NSI.dll
0x00007ffb9fb70000 - 0x00007ffb9fb87000 	C:\Windows\SYSTEM32\dhcpcsvc6.DLL
0x00007ffba01a0000 - 0x00007ffba01bd000 	C:\Windows\SYSTEM32\dhcpcsvc.DLL
0x00007ffbaafb0000 - 0x00007ffbab07b000 	C:\Windows\SYSTEM32\DNSAPI.dll
0x00007ffb96130000 - 0x00007ffb96137000 	C:\Program Files\Eclipse Adoptium\jdk-20.0.2.9-hotspot\bin\extnet.dll
0x00007ffb92c70000 - 0x00007ffb92c7e000 	C:\Program Files\Eclipse Adoptium\jdk-20.0.2.9-hotspot\bin\sunmscapi.dll
0x00007ffbabc00000 - 0x00007ffbabd5e000 	C:\Windows\System32\CRYPT32.dll
0x00007ffbab620000 - 0x00007ffbab649000 	C:\Windows\SYSTEM32\ncrypt.dll
0x00007ffbab5e0000 - 0x00007ffbab61b000 	C:\Windows\SYSTEM32\NTASN1.dll
0x00007ffb97290000 - 0x00007ffb97297000 	C:\Windows\system32\wshunix.dll

dbghelp: loaded successfully - version: 4.0.5 - missing functions: none
symbol engine: initialized successfully - sym options: 0x614 - pdb path: .;C:\Program Files\Eclipse Adoptium\jdk-20.0.2.9-hotspot\bin;C:\Windows\SYSTEM32;C:\Windows\WinSxS\amd64_microsoft.windows.common-controls_6595b64144ccf1df_6.0.19041.4355_none_60b8b9eb71f62e16;C:\Program Files\Eclipse Adoptium\jdk-20.0.2.9-hotspot\bin\server;C:\Users\dswet\.gradle\native\c067742578af261105cb4f569cf0c3c89f3d7b1fecec35dd04571415982c5e48\windows-amd64;C:\Users\dswet\.gradle\native\38dada09dfb8b06ba9b0570ebf7e218e3eb74d4ef43ca46872605cf95ebc2f47\windows-amd64

VM Arguments:
jvm_args: --add-opens=java.base/java.util=ALL-UNNAMED --add-opens=java.base/java.lang=ALL-UNNAMED --add-opens=java.base/java.lang.invoke=ALL-UNNAMED --add-opens=java.prefs/java.util.prefs=ALL-UNNAMED --add-opens=java.base/java.nio.charset=ALL-UNNAMED --add-opens=java.base/java.net=ALL-UNNAMED --add-opens=java.base/java.util.concurrent.atomic=ALL-UNNAMED -XX:MaxMetaspaceSize=384m -XX:+HeapDumpOnOutOfMemoryError -Xms256m -Xmx512m -Dfile.encoding=windows-1251 -Duser.country=RU -Duser.language=ru -Duser.variant -javaagent:C:\Users\dswet\.gradle\wrapper\dists\gradle-8.4-bin\1w5dpkrfk8irigvoxmyhowfim\gradle-8.4\lib\agents\gradle-instrumentation-agent-8.4.jar 
java_command: org.gradle.launcher.daemon.bootstrap.GradleDaemon 8.4
java_class_path (initial): C:\Users\dswet\.gradle\wrapper\dists\gradle-8.4-bin\1w5dpkrfk8irigvoxmyhowfim\gradle-8.4\lib\gradle-launcher-8.4.jar
Launcher Type: SUN_STANDARD

[Global flags]
     intx CICompilerCount                          = 3                                         {product} {ergonomic}
   size_t CompressedClassSpaceSize                 = 322961408                                 {product} {ergonomic}
     uint ConcGCThreads                            = 1                                         {product} {ergonomic}
     uint G1ConcRefinementThreads                  = 4                                         {product} {ergonomic}
   size_t G1HeapRegionSize                         = 1048576                                   {product} {ergonomic}
    uintx GCDrainStackTargetSize                   = 64                                        {product} {ergonomic}
     bool HeapDumpOnOutOfMemoryError               = true                                   {manageable} {command line}
   size_t InitialHeapSize                          = 268435456                                 {product} {command line}
   size_t MarkStackSize                            = 4194304                                   {product} {ergonomic}
   size_t MaxHeapSize                              = 536870912                                 {product} {command line}
   size_t MaxMetaspaceSize                         = 402653184                                 {product} {command line}
   size_t MaxNewSize                               = 321912832                                 {product} {ergonomic}
   size_t MinHeapDeltaBytes                        = 1048576                                   {product} {ergonomic}
   size_t MinHeapSize                              = 268435456                                 {product} {command line}
    uintx NonNMethodCodeHeapSize                   = 5832780                                {pd product} {ergonomic}
    uintx NonProfiledCodeHeapSize                  = 122912730                              {pd product} {ergonomic}
    uintx ProfiledCodeHeapSize                     = 122912730                              {pd product} {ergonomic}
    uintx ReservedCodeCacheSize                    = 251658240                              {pd product} {ergonomic}
     bool SegmentedCodeCache                       = true                                      {product} {ergonomic}
   size_t SoftMaxHeapSize                          = 536870912                              {manageable} {ergonomic}
     bool UseCompressedClassPointers               = true                           {product lp64_product} {ergonomic}
     bool UseCompressedOops                        = true                           {product lp64_product} {ergonomic}
     bool UseG1GC                                  = true                                      {product} {ergonomic}
     bool UseLargePagesIndividualAllocation        = false                                  {pd product} {ergonomic}

Logging:
Log output configuration:
 #0: stdout all=warning uptime,level,tags foldmultilines=false
 #1: stderr all=off uptime,level,tags foldmultilines=false

Environment Variables:
JAVA_HOME=C:\Program Files\Eclipse Adoptium\jdk-11.0.22.7-hotspot\
PATH=C:\Users\dswet\AppData\Local\Yandex\YandexBrowser\Application;C:\Program Files\Eclipse Adoptium\jdk-11.0.22.7-hotspot\bin;C:\Program Files\Eclipse Adoptium\jdk-20.0.2.9-hotspot\bin;C:\Windows\system32;C:\Windows;C:\Windows\System32\Wbem;C:\Windows\System32\WindowsPowerShell\v1.0\;C:\Windows\System32\OpenSSH\;D:\Program Files\Git\cmd;C:\Program Files\Docker\Docker\resources\bin;C:\Users\dswet\AppData\Local\Microsoft\WindowsApps;;D:\Users\dswet\AppData\Local\Programs\Microsoft VS Code\bin
USERNAME=dswet
OS=Windows_NT
PROCESSOR_IDENTIFIER=Intel64 Family 6 Model 142 Stepping 12, GenuineIntel
TMP=C:\Users\dswet\AppData\Local\Temp
TEMP=C:\Users\dswet\AppData\Local\Temp




---------------  S Y S T E M  ---------------

OS:
 Windows 10 , 64 bit Build 19041 (10.0.19041.3636)
OS uptime: 22 days 18:50 hours
Hyper-V role detected

CPU: total 4 (initial active 4) (2 cores per cpu, 2 threads per core) family 6 model 142 stepping 12 microcode 0xde, cx8, cmov, fxsr, ht, mmx, 3dnowpref, sse, sse2, sse3, ssse3, sse4.1, sse4.2, popcnt, lzcnt, tsc, tscinvbit, avx, avx2, aes, erms, clmul, bmi1, bmi2, adx, fma, vzeroupper, clflush, clflushopt, hv, rdtscp, f16c

Memory: 4k page, system-wide physical 8025M (392M free)
TotalPageFile size 23385M (AvailPageFile size 6M)
current process WorkingSet (physical memory assigned to process): 206M, peak: 206M
current process commit charge ("private bytes"): 413M, peak: 414M

vm_info: OpenJDK 64-Bit Server VM (20.0.2+9) for windows-amd64 JRE (20.0.2+9), built on 2023-07-18T00:00:00Z by "admin" with MS VC++ 16.10 / 16.11 (VS2019)

END.
